[ +176 ms] Artifact Instance of 'MaterialFonts' is not required, skipping update.
[        ] Artifact Instance of 'GradleWrapper' is not required, skipping update.
[        ] Artifact Instance of 'AndroidGenSnapshotArtifacts' is not required, skipping update.
[        ] Artifact Instance of 'AndroidInternalBuildArtifacts' is not required, skipping update.
[        ] Artifact Instance of 'IOSEngineArtifacts' is not required, skipping update.
[        ] Artifact Instance of 'FlutterWebSdk' is not required, skipping update.
[        ] Artifact Instance of 'LegacyCanvasKitRemover' is not required, skipping update.
[        ] Artifact Instance of 'FlutterSdk' is not required, skipping update.
[        ] Artifact Instance of 'WindowsEngineArtifacts' is not required, skipping update.
[        ] Artifact Instance of 'MacOSEngineArtifacts' is not required, skipping update.
[        ] Artifact Instance of 'LinuxEngineArtifacts' is not required, skipping update.
[        ] Artifact Instance of 'LinuxFuchsiaSDKArtifacts' is not required, skipping update.
[        ] Artifact Instance of 'MacOSFuchsiaSDKArtifacts' is not required, skipping update.
[        ] Artifact Instance of 'FlutterRunnerSDKArtifacts' is not required, skipping update.
[        ] Artifact Instance of 'FlutterRunnerDebugSymbols' is not required, skipping update.
[        ] Artifact Instance of 'IosUsbArtifacts' is not required, skipping update.
[        ] Artifact Instance of 'IosUsbArtifacts' is not required, skipping update.
[        ] Artifact Instance of 'IosUsbArtifacts' is not required, skipping update.
[        ] Artifact Instance of 'IosUsbArtifacts' is not required, skipping update.
[        ] Artifact Instance of 'IosUsbArtifacts' is not required, skipping update.
[        ] Artifact Instance of 'IosUsbArtifacts' is not required, skipping update.
[        ] Artifact Instance of 'FontSubsetArtifacts' is not required, skipping update.
[        ] Artifact Instance of 'PubDependencies' is not required, skipping update.
[  +78 ms] Artifact Instance of 'AndroidGenSnapshotArtifacts' is not required, skipping update.
[        ] Artifact Instance of 'AndroidInternalBuildArtifacts' is not required, skipping update.
[        ] Artifact Instance of 'IOSEngineArtifacts' is not required, skipping update.
[        ] Artifact Instance of 'FlutterWebSdk' is not required, skipping update.
[        ] Artifact Instance of 'FlutterEngineStamp' is not required, skipping update.
[        ] Artifact Instance of 'LegacyCanvasKitRemover' is not required, skipping update.
[   +1 ms] Artifact Instance of 'WindowsEngineArtifacts' is not required, skipping update.
[        ] Artifact Instance of 'MacOSEngineArtifacts' is not required, skipping update.
[        ] Artifact Instance of 'LinuxEngineArtifacts' is not required, skipping update.
[        ] Artifact Instance of 'LinuxFuchsiaSDKArtifacts' is not required, skipping update.
[        ] Artifact Instance of 'MacOSFuchsiaSDKArtifacts' is not required, skipping update.
[        ] Artifact Instance of 'FlutterRunnerSDKArtifacts' is not required, skipping update.
[        ] Artifact Instance of 'FlutterRunnerDebugSymbols' is not required, skipping update.
[  +38 ms] executing: C:\Users\aozka\AppData\Local\Android\sdk\platform-tools\adb.exe devices -l
[  +49 ms] List of devices attached
           emulator-5554          device product:sdk_gphone64_x86_64 model:sdk_gphone64_x86_64 device:emu64xa transport_id:2
[   +4 ms] C:\Users\aozka\AppData\Local\Android\sdk\platform-tools\adb.exe -s emulator-5554 shell getprop
[  +67 ms] Artifact Instance of 'AndroidInternalBuildArtifacts' is not required, skipping update.
[        ] Artifact Instance of 'IOSEngineArtifacts' is not required, skipping update.
[        ] Artifact Instance of 'FlutterEngineStamp' is not required, skipping update.
[   +4 ms] Artifact Instance of 'MacOSEngineArtifacts' is not required, skipping update.
[        ] Artifact Instance of 'LinuxEngineArtifacts' is not required, skipping update.
[        ] Artifact Instance of 'LinuxFuchsiaSDKArtifacts' is not required, skipping update.
[        ] Artifact Instance of 'MacOSFuchsiaSDKArtifacts' is not required, skipping update.
[        ] Artifact Instance of 'FlutterRunnerSDKArtifacts' is not required, skipping update.
[        ] Artifact Instance of 'FlutterRunnerDebugSymbols' is not required, skipping update.
[  +92 ms] Skipping pub get: version match.
[ +168 ms] Found plugin url_launcher at C:\Users\aozka\AppData\Local\Pub\Cache\hosted\pub.dev\url_launcher-6.3.2\
[   +4 ms] Found plugin url_launcher_windows at C:\Users\aozka\AppData\Local\Pub\Cache\hosted\pub.dev\url_launcher_windows-3.1.4\
[   +3 ms] Found plugin url_launcher_web at C:\Users\aozka\AppData\Local\Pub\Cache\hosted\pub.dev\url_launcher_web-2.4.1\
[   +1 ms] Found plugin url_launcher_macos at C:\Users\aozka\AppData\Local\Pub\Cache\hosted\pub.dev\url_launcher_macos-3.2.3\
[   +1 ms] Found plugin url_launcher_linux at C:\Users\aozka\AppData\Local\Pub\Cache\hosted\pub.dev\url_launcher_linux-3.2.1\
[   +1 ms] Found plugin url_launcher_ios at C:\Users\aozka\AppData\Local\Pub\Cache\hosted\pub.dev\url_launcher_ios-6.3.4\
[   +1 ms] Found plugin url_launcher_android at C:\Users\aozka\AppData\Local\Pub\Cache\hosted\pub.dev\url_launcher_android-6.3.24\
[   +1 ms] Found plugin shared_preferences at C:\Users\aozka\AppData\Local\Pub\Cache\hosted\pub.dev\shared_preferences-2.5.3\
[   +1 ms] Found plugin shared_preferences_windows at C:\Users\aozka\AppData\Local\Pub\Cache\hosted\pub.dev\shared_preferences_windows-2.4.1\
[   +1 ms] Found plugin path_provider_windows at C:\Users\aozka\AppData\Local\Pub\Cache\hosted\pub.dev\path_provider_windows-2.3.0\
[   +2 ms] Found plugin shared_preferences_web at C:\Users\aozka\AppData\Local\Pub\Cache\hosted\pub.dev\shared_preferences_web-2.4.3\
[        ] Found plugin shared_preferences_linux at C:\Users\aozka\AppData\Local\Pub\Cache\hosted\pub.dev\shared_preferences_linux-2.4.1\
[        ] Found plugin path_provider_linux at C:\Users\aozka\AppData\Local\Pub\Cache\hosted\pub.dev\path_provider_linux-2.2.1\
[   +3 ms] Found plugin shared_preferences_foundation at C:\Users\aozka\AppData\Local\Pub\Cache\hosted\pub.dev\shared_preferences_foundation-2.5.4\
[   +1 ms] Found plugin shared_preferences_android at C:\Users\aozka\AppData\Local\Pub\Cache\hosted\pub.dev\shared_preferences_android-2.4.15\
[   +1 ms] Found plugin share_plus at C:\Users\aozka\AppData\Local\Pub\Cache\hosted\pub.dev\share_plus-12.0.0\
[   +4 ms] Found plugin path_provider at C:\Users\aozka\AppData\Local\Pub\Cache\hosted\pub.dev\path_provider-2.1.5\
[   +1 ms] Found plugin path_provider_foundation at C:\Users\aozka\AppData\Local\Pub\Cache\hosted\pub.dev\path_provider_foundation-2.4.2\
[   +1 ms] Found plugin path_provider_android at C:\Users\aozka\AppData\Local\Pub\Cache\hosted\pub.dev\path_provider_android-2.2.19\
[   +5 ms] Found plugin permission_handler at C:\Users\aozka\AppData\Local\Pub\Cache\hosted\pub.dev\permission_handler-12.0.1\
[   +2 ms] Found plugin permission_handler_windows at C:\Users\aozka\AppData\Local\Pub\Cache\hosted\pub.dev\permission_handler_windows-0.2.1\
[   +2 ms] Found plugin permission_handler_html at C:\Users\aozka\AppData\Local\Pub\Cache\hosted\pub.dev\permission_handler_html-0.1.3+5\
[   +1 ms] Found plugin permission_handler_apple at C:\Users\aozka\AppData\Local\Pub\Cache\hosted\pub.dev\permission_handler_apple-9.4.7\
[   +1 ms] Found plugin permission_handler_android at C:\Users\aozka\AppData\Local\Pub\Cache\hosted\pub.dev\permission_handler_android-13.0.1\
[  +10 ms] Found plugin mobile_scanner at C:\Users\aozka\AppData\Local\Pub\Cache\hosted\pub.dev\mobile_scanner-7.1.2\
[   +3 ms] Found plugin google_mobile_ads at C:\Users\aozka\AppData\Local\Pub\Cache\hosted\pub.dev\google_mobile_ads-6.0.0\
[   +1 ms] Found plugin webview_flutter_wkwebview at C:\Users\aozka\AppData\Local\Pub\Cache\hosted\pub.dev\webview_flutter_wkwebview-3.23.1\
[   +1 ms] Found plugin webview_flutter_android at C:\Users\aozka\AppData\Local\Pub\Cache\hosted\pub.dev\webview_flutter_android-4.10.5\
[   +1 ms] Found plugin webview_flutter at C:\Users\aozka\AppData\Local\Pub\Cache\hosted\pub.dev\webview_flutter-4.13.0\
[  +72 ms] Found plugin url_launcher at C:\Users\aozka\AppData\Local\Pub\Cache\hosted\pub.dev\url_launcher-6.3.2\
[        ] Found plugin url_launcher_windows at C:\Users\aozka\AppData\Local\Pub\Cache\hosted\pub.dev\url_launcher_windows-3.1.4\
[   +1 ms] Found plugin url_launcher_web at C:\Users\aozka\AppData\Local\Pub\Cache\hosted\pub.dev\url_launcher_web-2.4.1\
[   +1 ms] Found plugin url_launcher_macos at C:\Users\aozka\AppData\Local\Pub\Cache\hosted\pub.dev\url_launcher_macos-3.2.3\
[        ] Found plugin url_launcher_linux at C:\Users\aozka\AppData\Local\Pub\Cache\hosted\pub.dev\url_launcher_linux-3.2.1\
[        ] Found plugin url_launcher_ios at C:\Users\aozka\AppData\Local\Pub\Cache\hosted\pub.dev\url_launcher_ios-6.3.4\
[        ] Found plugin url_launcher_android at C:\Users\aozka\AppData\Local\Pub\Cache\hosted\pub.dev\url_launcher_android-6.3.24\
[        ] Found plugin shared_preferences at C:\Users\aozka\AppData\Local\Pub\Cache\hosted\pub.dev\shared_preferences-2.5.3\
[        ] Found plugin shared_preferences_windows at C:\Users\aozka\AppData\Local\Pub\Cache\hosted\pub.dev\shared_preferences_windows-2.4.1\
[   +1 ms] Found plugin path_provider_windows at C:\Users\aozka\AppData\Local\Pub\Cache\hosted\pub.dev\path_provider_windows-2.3.0\
[   +2 ms] Found plugin shared_preferences_web at C:\Users\aozka\AppData\Local\Pub\Cache\hosted\pub.dev\shared_preferences_web-2.4.3\
[        ] Found plugin shared_preferences_linux at C:\Users\aozka\AppData\Local\Pub\Cache\hosted\pub.dev\shared_preferences_linux-2.4.1\
[        ] Found plugin path_provider_linux at C:\Users\aozka\AppData\Local\Pub\Cache\hosted\pub.dev\path_provider_linux-2.2.1\
[   +1 ms] Found plugin shared_preferences_foundation at C:\Users\aozka\AppData\Local\Pub\Cache\hosted\pub.dev\shared_preferences_foundation-2.5.4\
[        ] Found plugin shared_preferences_android at C:\Users\aozka\AppData\Local\Pub\Cache\hosted\pub.dev\shared_preferences_android-2.4.15\
[        ] Found plugin share_plus at C:\Users\aozka\AppData\Local\Pub\Cache\hosted\pub.dev\share_plus-12.0.0\
[   +2 ms] Found plugin path_provider at C:\Users\aozka\AppData\Local\Pub\Cache\hosted\pub.dev\path_provider-2.1.5\
[        ] Found plugin path_provider_foundation at C:\Users\aozka\AppData\Local\Pub\Cache\hosted\pub.dev\path_provider_foundation-2.4.2\
[        ] Found plugin path_provider_android at C:\Users\aozka\AppData\Local\Pub\Cache\hosted\pub.dev\path_provider_android-2.2.19\
[   +3 ms] Found plugin permission_handler at C:\Users\aozka\AppData\Local\Pub\Cache\hosted\pub.dev\permission_handler-12.0.1\
[        ] Found plugin permission_handler_windows at C:\Users\aozka\AppData\Local\Pub\Cache\hosted\pub.dev\permission_handler_windows-0.2.1\
[   +1 ms] Found plugin permission_handler_html at C:\Users\aozka\AppData\Local\Pub\Cache\hosted\pub.dev\permission_handler_html-0.1.3+5\
[        ] Found plugin permission_handler_apple at C:\Users\aozka\AppData\Local\Pub\Cache\hosted\pub.dev\permission_handler_apple-9.4.7\
[        ] Found plugin permission_handler_android at C:\Users\aozka\AppData\Local\Pub\Cache\hosted\pub.dev\permission_handler_android-13.0.1\
[   +5 ms] Found plugin mobile_scanner at C:\Users\aozka\AppData\Local\Pub\Cache\hosted\pub.dev\mobile_scanner-7.1.2\
[   +1 ms] Found plugin google_mobile_ads at C:\Users\aozka\AppData\Local\Pub\Cache\hosted\pub.dev\google_mobile_ads-6.0.0\
[        ] Found plugin webview_flutter_wkwebview at C:\Users\aozka\AppData\Local\Pub\Cache\hosted\pub.dev\webview_flutter_wkwebview-3.23.1\
[   +1 ms] Found plugin webview_flutter_android at C:\Users\aozka\AppData\Local\Pub\Cache\hosted\pub.dev\webview_flutter_android-4.10.5\
[        ] Found plugin webview_flutter at C:\Users\aozka\AppData\Local\Pub\Cache\hosted\pub.dev\webview_flutter-4.13.0\
[  +11 ms] Skipping generating web_plugin_registrant.dart because it is up-to-date.
[  +46 ms] Found plugin url_launcher at C:\Users\aozka\AppData\Local\Pub\Cache\hosted\pub.dev\url_launcher-6.3.2\
[        ] Found plugin url_launcher_windows at C:\Users\aozka\AppData\Local\Pub\Cache\hosted\pub.dev\url_launcher_windows-3.1.4\
[   +2 ms] Found plugin url_launcher_web at C:\Users\aozka\AppData\Local\Pub\Cache\hosted\pub.dev\url_launcher_web-2.4.1\
[   +1 ms] Found plugin url_launcher_macos at C:\Users\aozka\AppData\Local\Pub\Cache\hosted\pub.dev\url_launcher_macos-3.2.3\
[        ] Found plugin url_launcher_linux at C:\Users\aozka\AppData\Local\Pub\Cache\hosted\pub.dev\url_launcher_linux-3.2.1\
[        ] Found plugin url_launcher_ios at C:\Users\aozka\AppData\Local\Pub\Cache\hosted\pub.dev\url_launcher_ios-6.3.4\
[        ] Found plugin url_launcher_android at C:\Users\aozka\AppData\Local\Pub\Cache\hosted\pub.dev\url_launcher_android-6.3.24\
[        ] Found plugin shared_preferences at C:\Users\aozka\AppData\Local\Pub\Cache\hosted\pub.dev\shared_preferences-2.5.3\
[        ] Found plugin shared_preferences_windows at C:\Users\aozka\AppData\Local\Pub\Cache\hosted\pub.dev\shared_preferences_windows-2.4.1\
[   +1 ms] Found plugin path_provider_windows at C:\Users\aozka\AppData\Local\Pub\Cache\hosted\pub.dev\path_provider_windows-2.3.0\
[   +2 ms] Found plugin shared_preferences_web at C:\Users\aozka\AppData\Local\Pub\Cache\hosted\pub.dev\shared_preferences_web-2.4.3\
[        ] Found plugin shared_preferences_linux at C:\Users\aozka\AppData\Local\Pub\Cache\hosted\pub.dev\shared_preferences_linux-2.4.1\
[        ] Found plugin path_provider_linux at C:\Users\aozka\AppData\Local\Pub\Cache\hosted\pub.dev\path_provider_linux-2.2.1\
[   +1 ms] Found plugin shared_preferences_foundation at C:\Users\aozka\AppData\Local\Pub\Cache\hosted\pub.dev\shared_preferences_foundation-2.5.4\
[        ] Found plugin shared_preferences_android at C:\Users\aozka\AppData\Local\Pub\Cache\hosted\pub.dev\shared_preferences_android-2.4.15\
[        ] Found plugin share_plus at C:\Users\aozka\AppData\Local\Pub\Cache\hosted\pub.dev\share_plus-12.0.0\
[   +2 ms] Found plugin path_provider at C:\Users\aozka\AppData\Local\Pub\Cache\hosted\pub.dev\path_provider-2.1.5\
[        ] Found plugin path_provider_foundation at C:\Users\aozka\AppData\Local\Pub\Cache\hosted\pub.dev\path_provider_foundation-2.4.2\
[        ] Found plugin path_provider_android at C:\Users\aozka\AppData\Local\Pub\Cache\hosted\pub.dev\path_provider_android-2.2.19\
[   +3 ms] Found plugin permission_handler at C:\Users\aozka\AppData\Local\Pub\Cache\hosted\pub.dev\permission_handler-12.0.1\
[        ] Found plugin permission_handler_windows at C:\Users\aozka\AppData\Local\Pub\Cache\hosted\pub.dev\permission_handler_windows-0.2.1\
[   +1 ms] Found plugin permission_handler_html at C:\Users\aozka\AppData\Local\Pub\Cache\hosted\pub.dev\permission_handler_html-0.1.3+5\
[        ] Found plugin permission_handler_apple at C:\Users\aozka\AppData\Local\Pub\Cache\hosted\pub.dev\permission_handler_apple-9.4.7\
[        ] Found plugin permission_handler_android at C:\Users\aozka\AppData\Local\Pub\Cache\hosted\pub.dev\permission_handler_android-13.0.1\
[   +5 ms] Found plugin mobile_scanner at C:\Users\aozka\AppData\Local\Pub\Cache\hosted\pub.dev\mobile_scanner-7.1.2\
[   +1 ms] Found plugin google_mobile_ads at C:\Users\aozka\AppData\Local\Pub\Cache\hosted\pub.dev\google_mobile_ads-6.0.0\
[        ] Found plugin webview_flutter_wkwebview at C:\Users\aozka\AppData\Local\Pub\Cache\hosted\pub.dev\webview_flutter_wkwebview-3.23.1\
[   +1 ms] Found plugin webview_flutter_android at C:\Users\aozka\AppData\Local\Pub\Cache\hosted\pub.dev\webview_flutter_android-4.10.5\
[        ] Found plugin webview_flutter at C:\Users\aozka\AppData\Local\Pub\Cache\hosted\pub.dev\webview_flutter-4.13.0\
[   +4 ms] Generating C:\Users\aozka\CascadeProjects\qr_scanner_app\android\app\src\main\java\io\flutter\plugins\GeneratedPluginRegistrant.java
[   +1 ms] Skipping generating GeneratedPluginRegistrant.java because it is up-to-date.
[   +3 ms] Skipping generating generated_plugin_registrant.h because it is up-to-date.
[        ] Skipping generating generated_plugin_registrant.cc because it is up-to-date.
[        ] Skipping generating generated_plugins.cmake because it is up-to-date.
[   +1 ms] Skipping generating generated_plugin_registrant.h because it is up-to-date.
[        ] Skipping generating generated_plugin_registrant.cc because it is up-to-date.
[   +1 ms] Skipping generating generated_plugins.cmake because it is up-to-date.
[   +1 ms] Skipping generating GeneratedPluginRegistrant.h because it is up-to-date.
[        ] Skipping generating GeneratedPluginRegistrant.m because it is up-to-date.
[   +1 ms] Skipping generating GeneratedPluginRegistrant.swift because it is up-to-date.
[  +28 ms] ro.hardware = ranchu
[  +45 ms] Initializing file store
[  +12 ms] gen_localizations: Starting due to {InvalidatedReasonKind.inputChanged: The following inputs have updated contents: C:\flutter\packages\flutter_tools\lib\src\build_system\targets\localizations.dart,C:\Users\aozka\CascadeProjects\qr_scanner_app\l10n.yaml,C:\Users\aozka\CascadeProjects\qr_scanner_app\lib\l10n\app_de.arb,C:\Users\aozka\CascadeProjects\qr_scanner_app\lib\l10n\app_el.arb,C:\Users\aozka\CascadeProjects\qr_scanner_app\lib\l10n\app_en.arb,C:\Users\aozka\CascadeProjects\qr_scanner_app\lib\l10n\app_es.arb,C:\Users\aozka\CascadeProjects\qr_scanner_app\lib\l10n\app_fr.arb,C:\Users\aozka\CascadeProjects\qr_scanner_app\lib\l10n\app_it.arb,C:\Users\aozka\CascadeProjects\qr_scanner_app\lib\l10n\app_tr.arb,C:\Users\aozka\CascadeProjects\qr_scanner_app\lib\l10n\app_localizations_de.dart,C:\Users\aozka\CascadeProjects\qr_scanner_app\lib\l10n\app_localizations_el.dart,C:\Users\aozka\CascadeProjects\qr_scanner_app\lib\l10n\app_localizations_en.dart,C:\Users\aozka\CascadeProjects\qr_scanner_app\lib\l10n\app_localizations_es.dart,C:\Users\aozka\CascadeProjects\qr_scanner_app\lib\l10n\app_localizations_fr.dart,C:\Users\aozka\CascadeProjects\qr_scanner_app\lib\l10n\app_localizations_it.dart,C:\Users\aozka\CascadeProjects\qr_scanner_app\lib\l10n\app_localizations_tr.dart,C:\Users\aozka\CascadeProjects\qr_scanner_app\lib\l10n\app_localizations.dart}
[  +89 ms] gen_dart_plugin_registrant: Starting due to {InvalidatedReasonKind.inputChanged: The following inputs have updated contents: C:\Users\aozka\CascadeProjects\qr_scanner_app\.dart_tool\package_config.json,C:\Users\aozka\CascadeProjects\qr_scanner_app\.dart_tool\flutter_build\dart_plugin_registrant.dart}
[  +63 ms] Found plugin url_launcher at C:\Users\aozka\AppData\Local\Pub\Cache\hosted\pub.dev\url_launcher-6.3.2\
[        ] Found plugin url_launcher_windows at C:\Users\aozka\AppData\Local\Pub\Cache\hosted\pub.dev\url_launcher_windows-3.1.4\
[   +2 ms] Found plugin url_launcher_web at C:\Users\aozka\AppData\Local\Pub\Cache\hosted\pub.dev\url_launcher_web-2.4.1\
[   +1 ms] Found plugin url_launcher_macos at C:\Users\aozka\AppData\Local\Pub\Cache\hosted\pub.dev\url_launcher_macos-3.2.3\
[        ] Found plugin url_launcher_linux at C:\Users\aozka\AppData\Local\Pub\Cache\hosted\pub.dev\url_launcher_linux-3.2.1\
[        ] Found plugin url_launcher_ios at C:\Users\aozka\AppData\Local\Pub\Cache\hosted\pub.dev\url_launcher_ios-6.3.4\
[        ] Found plugin url_launcher_android at C:\Users\aozka\AppData\Local\Pub\Cache\hosted\pub.dev\url_launcher_android-6.3.24\
[        ] Found plugin shared_preferences at C:\Users\aozka\AppData\Local\Pub\Cache\hosted\pub.dev\shared_preferences-2.5.3\
[        ] Found plugin shared_preferences_windows at C:\Users\aozka\AppData\Local\Pub\Cache\hosted\pub.dev\shared_preferences_windows-2.4.1\
[   +1 ms] Found plugin path_provider_windows at C:\Users\aozka\AppData\Local\Pub\Cache\hosted\pub.dev\path_provider_windows-2.3.0\
[   +2 ms] Found plugin shared_preferences_web at C:\Users\aozka\AppData\Local\Pub\Cache\hosted\pub.dev\shared_preferences_web-2.4.3\
[        ] Found plugin shared_preferences_linux at C:\Users\aozka\AppData\Local\Pub\Cache\hosted\pub.dev\shared_preferences_linux-2.4.1\
[        ] Found plugin path_provider_linux at C:\Users\aozka\AppData\Local\Pub\Cache\hosted\pub.dev\path_provider_linux-2.2.1\
[   +1 ms] Found plugin shared_preferences_foundation at C:\Users\aozka\AppData\Local\Pub\Cache\hosted\pub.dev\shared_preferences_foundation-2.5.4\
[        ] Found plugin shared_preferences_android at C:\Users\aozka\AppData\Local\Pub\Cache\hosted\pub.dev\shared_preferences_android-2.4.15\
[   +1 ms] Found plugin share_plus at C:\Users\aozka\AppData\Local\Pub\Cache\hosted\pub.dev\share_plus-12.0.0\
[   +2 ms] Found plugin path_provider at C:\Users\aozka\AppData\Local\Pub\Cache\hosted\pub.dev\path_provider-2.1.5\
[        ] Found plugin path_provider_foundation at C:\Users\aozka\AppData\Local\Pub\Cache\hosted\pub.dev\path_provider_foundation-2.4.2\
[        ] Found plugin path_provider_android at C:\Users\aozka\AppData\Local\Pub\Cache\hosted\pub.dev\path_provider_android-2.2.19\
[   +3 ms] Found plugin permission_handler at C:\Users\aozka\AppData\Local\Pub\Cache\hosted\pub.dev\permission_handler-12.0.1\
[        ] Found plugin permission_handler_windows at C:\Users\aozka\AppData\Local\Pub\Cache\hosted\pub.dev\permission_handler_windows-0.2.1\
[   +1 ms] Found plugin permission_handler_html at C:\Users\aozka\AppData\Local\Pub\Cache\hosted\pub.dev\permission_handler_html-0.1.3+5\
[        ] Found plugin permission_handler_apple at C:\Users\aozka\AppData\Local\Pub\Cache\hosted\pub.dev\permission_handler_apple-9.4.7\
[        ] Found plugin permission_handler_android at C:\Users\aozka\AppData\Local\Pub\Cache\hosted\pub.dev\permission_handler_android-13.0.1\
[   +6 ms] Found plugin mobile_scanner at C:\Users\aozka\AppData\Local\Pub\Cache\hosted\pub.dev\mobile_scanner-7.1.2\
[   +6 ms] Found plugin google_mobile_ads at C:\Users\aozka\AppData\Local\Pub\Cache\hosted\pub.dev\google_mobile_ads-6.0.0\
[   +1 ms] Found plugin webview_flutter_wkwebview at C:\Users\aozka\AppData\Local\Pub\Cache\hosted\pub.dev\webview_flutter_wkwebview-3.23.1\
[   +1 ms] Found plugin webview_flutter_android at C:\Users\aozka\AppData\Local\Pub\Cache\hosted\pub.dev\webview_flutter_android-4.10.5\
[        ] Found plugin webview_flutter at C:\Users\aozka\AppData\Local\Pub\Cache\hosted\pub.dev\webview_flutter-4.13.0\
[  +11 ms] Skipping generating dart_plugin_registrant.dart because it is up-to-date.
[        ] gen_dart_plugin_registrant: Complete
[ +454 ms] gen_localizations: Complete
[   +2 ms] Skipping target: _composite
[   +1 ms] complete
[   +3 ms] Launching lib\main.dart on sdk gphone64 x86 64 in debug mode...
[   +2 ms] C:\flutter\bin\cache\dart-sdk\bin\dartaotruntime.exe C:\flutter\bin\cache\dart-sdk\bin\snapshots\frontend_server_aot.dart.snapshot --sdk-root C:\flutter\bin\cache\artifacts\engine\common\flutter_patched_sdk/ --incremental --target=flutter --experimental-emit-debug-metadata -DFLUTTER_VERSION=3.35.5 -DFLUTTER_CHANNEL=stable -DFLUTTER_GIT_URL=https://github.com/flutter/flutter.git -DFLUTTER_FRAMEWORK_REVISION=ac4e799d23 -DFLUTTER_ENGINE_REVISION=d3d45dcf25 -DFLUTTER_DART_VERSION=3.9.2 --output-dill C:\Users\aozka\AppData\Local\Temp\flutter_tools.bc0b079\flutter_tool.bbad8f8\app.dill --packages C:\Users\aozka\CascadeProjects\qr_scanner_app\.dart_tool\package_config.json -Ddart.vm.profile=false -Ddart.vm.product=false --enable-asserts --track-widget-creation --filesystem-scheme org-dartlang-root --initialize-from-dill build\210bad4901163cba762d02a4a1c86c00.cache.dill.track.dill --source file:///C:/Users/aozka/CascadeProjects/qr_scanner_app/.dart_tool/flutter_build/dart_plugin_registrant.dart --source package:flutter/src/dart_plugin_registrant.dart -Dflutter.dart_plugin_registrant=file:///C:/Users/aozka/CascadeProjects/qr_scanner_app/.dart_tool/flutter_build/dart_plugin_registrant.dart --verbosity=error --enable-experiment=alternative-invalidation-strategy
[   +9 ms] executing: C:\Users\aozka\AppData\Local\Android\sdk\platform-tools\adb.exe -s emulator-5554 shell -x logcat -v time -t 1
[   +8 ms] <- compile package:qr_scanner_app/main.dart
[  +61 ms] Error: Couldn't resolve the package 'flutter_gen' in 'package:flutter_gen/gen_l10n/app_localizations.dart'.
[   +1 ms] lib/main.dart:5:8: Error: Not found: 'package:flutter_gen/gen_l10n/app_localizations.dart'
[        ] import 'package:flutter_gen/gen_l10n/app_localizations.dart';
[        ]        ^
[  +29 ms] --------- beginning of main
           10-10 18:04:16.348 D/SatelliteController( 1182): iisInCarrierRoamingNbIotNtn: satellite is disabled
[   +7 ms] executing: C:\Users\aozka\AppData\Local\Android\sdk\platform-tools\adb.exe version
[  +42 ms] Android Debug Bridge version 1.0.41
           Version 36.0.0-13206524
           Installed as C:\Users\aozka\AppData\Local\Android\sdk\platform-tools\adb.exe
           Running on Windows 10.0.26100
[   +1 ms] executing: C:\Users\aozka\AppData\Local\Android\sdk\platform-tools\adb.exe start-server
[  +32 ms] Building APK
[   +6 ms] executing: C:\Program Files\Android\Android Studio\jbr\bin\java -version
[  +97 ms] Exit code 0 from: C:\Program Files\Android\Android Studio\jbr\bin\java -version
[        ] openjdk version "21.0.8" 2025-07-15
           OpenJDK Runtime Environment (build 21.0.8+-14018985-b1038.68)
           OpenJDK 64-Bit Server VM (build 21.0.8+-14018985-b1038.68, mixed mode)
[   +1 ms] executing: C:\Program Files\Android\Android Studio\jbr\bin\java -version
[ +107 ms] Exit code 0 from: C:\Program Files\Android\Android Studio\jbr\bin\java -version
[        ] openjdk version "21.0.8" 2025-07-15
           OpenJDK Runtime Environment (build 21.0.8+-14018985-b1038.68)
           OpenJDK 64-Bit Server VM (build 21.0.8+-14018985-b1038.68, mixed mode)
[   +6 ms] Top-level Gradle build file not found, skipping migration of task "clean".
[   +1 ms] executing: C:\Program Files\Android\Android Studio\jbr\bin\java --version
[  +97 ms] Exit code 0 from: C:\Program Files\Android\Android Studio\jbr\bin\java --version
[        ] openjdk 21.0.8 2025-07-15
           OpenJDK Runtime Environment (build 21.0.8+-14018985-b1038.68)
           OpenJDK 64-Bit Server VM (build 21.0.8+-14018985-b1038.68, mixed mode)
[   +1 ms] Version of Java is different than impacted version, no migration attempted.
[   +2 ms] CMake project not found, skipping support Android 15 16k page size migration.
[   +3 ms] Using gradle from C:\Users\aozka\CascadeProjects\qr_scanner_app\android\gradlew.bat.
[  +37 ms] LocalFile: 'C:\Users\aozka\CascadeProjects\qr_scanner_app\android\build.gradle.kts' doesn't provide an AGP version. Checking settings.
[   +5 ms] LocalFile: 'C:\Users\aozka\CascadeProjects\qr_scanner_app\android\settings.gradle.kts' provides AGP version: 8.9.1
[   +3 ms] Running Gradle task 'assembleDebug'...
[        ] executing: [C:\Users\aozka\CascadeProjects\qr_scanner_app\android/] C:\Users\aozka\CascadeProjects\qr_scanner_app\android\gradlew.bat --full-stacktrace --info -Pverbose=true -Ptarget-platform=android-x64 -Ptarget=C:\Users\aozka\CascadeProjects\qr_scanner_app\lib\main.dart -Pbase-application-name=android.app.Application -Pdart-defines=RkxVVFRFUl9WRVJTSU9OPTMuMzUuNQ==,RkxVVFRFUl9DSEFOTkVMPXN0YWJsZQ==,RkxVVFRFUl9HSVRfVVJMPWh0dHBzOi8vZ2l0aHViLmNvbS9mbHV0dGVyL2ZsdXR0ZXIuZ2l0,RkxVVFRFUl9GUkFNRVdPUktfUkVWSVNJT049YWM0ZTc5OWQyMw==,RkxVVFRFUl9FTkdJTkVfUkVWSVNJT049ZDNkNDVkY2YyNQ==,RkxVVFRFUl9EQVJUX1ZFUlNJT049My45LjI= -Pdart-obfuscation=false -Ptrack-widget-creation=true -Ptree-shake-icons=false -Pfilesystem-scheme=org-dartlang-root assembleDebug
[ +612 ms] Initialized native services in: C:\Users\aozka\.gradle\native
[        ] Initialized jansi services in: C:\Users\aozka\.gradle\native
[ +305 ms] The client will now receive all logging from the daemon (pid: 23224). The daemon log file: C:\Users\aozka\.gradle\daemon\8.12\daemon-23224.out.log
[        ] Starting 3rd build in daemon [uptime: 7 mins 4.53 secs, performance: 100%, GC rate: 0.00/s, heap usage: 0% of 8 GiB, non-heap usage: 3% of 4 GiB]
[        ] Using 16 worker leases.
[        ] Now considering [C:\Users\aozka\CascadeProjects\qr_scanner_app\android, C:\flutter\packages\flutter_tools\gradle] as hierarchies to watch
[        ] Watching the file system is configured to be enabled if available
[        ] File system watching is active
[        ] Starting Build
[        ] Now considering [C:\flutter\packages\flutter_tools\gradle, C:\Users\aozka\CascadeProjects\qr_scanner_app\android] as hierarchies to watch
[ +107 ms] > Configure project :gradle
[        ] Evaluating project ':gradle' using build file 'C:\flutter\packages\flutter_tools\gradle\build.gradle.kts'.
[        ] Resolved plugin [id: 'org.gradle.java-gradle-plugin']
[        ] Resolved plugin [id: 'org.gradle.groovy']
[        ] Resolved plugin [id: 'org.gradle.kotlin.kotlin-dsl', version: '5.1.2']
[        ] Resolved plugin [id: 'org.jetbrains.kotlin.jvm', version: '1.9.20']
[        ] Using Kotlin Gradle Plugin gradle85 variant
[        ] kotlin scripting plugin: created the scripting discovery configuration: kotlinScriptDef
[        ] kotlin scripting plugin: created the scripting discovery configuration: testKotlinScriptDef
[        ] file or directory 'C:\flutter\packages\flutter_tools\gradle\src\main\java', not found
[        ] Resolved plugin [id: 'dev.flutter.flutter-plugin-loader', version: '1.0.0']
[        ] Resolved plugin [id: 'com.android.application', version: '8.9.1', apply: false]
[        ] Resolved plugin [id: 'org.jetbrains.kotlin.android', version: '2.1.0', apply: false]
[        ] Resolve mutations for :gradle:checkKotlinGradlePluginConfigurationErrors (Thread[#515,Execution worker,5,main]) started.
[        ] :gradle:checkKotlinGradlePluginConfigurationErrors (Thread[#515,Execution worker,5,main]) started.
[        ] > Task :gradle:checkKotlinGradlePluginConfigurationErrors SKIPPED
[        ] Skipping task ':gradle:checkKotlinGradlePluginConfigurationErrors' as task onlyIf 'errorDiagnostics are present' is false.
[        ] Resolve mutations for :gradle:compileKotlin (Thread[#514,included builds,5,main]) started.
[        ] :gradle:compileKotlin (Thread[#514,included builds,5,main]) started.
[  +87 ms] > Task :gradle:compileKotlin UP-TO-DATE
[        ] Caching disabled for task ':gradle:compileKotlin' because:
[        ]   Build cache is disabled
[        ] Skipping task ':gradle:compileKotlin' as it is up-to-date.
[        ] Resolve mutations for :gradle:compileJava (Thread[#514,included builds,5,main]) started.
[        ] :gradle:compileJava (Thread[#514,included builds,5,main]) started.
[        ] > Task :gradle:compileJava NO-SOURCE
[        ] Skipping task ':gradle:compileJava' as it has no source files and no previous output files.
[        ] Resolve mutations for :gradle:compileGroovy (Thread[#514,included builds,5,main]) started.
[        ] :gradle:compileGroovy (Thread[#514,included builds,5,main]) started.
[        ] > Task :gradle:compileGroovy NO-SOURCE
[        ] Skipping task ':gradle:compileGroovy' as it has no source files and no previous output files.
[        ] Resolve mutations for :gradle:pluginDescriptors (Thread[#514,included builds,5,main]) started.
[        ] :gradle:pluginDescriptors (Thread[#522,Execution worker Thread 8,5,main]) started.
[        ] > Task :gradle:pluginDescriptors UP-TO-DATE
[        ] Caching disabled for task ':gradle:pluginDescriptors' because:
[        ]   Build cache is disabled
[        ]   Not worth caching
[        ] Skipping task ':gradle:pluginDescriptors' as it is up-to-date.
[        ] Resolve mutations for :gradle:processResources (Thread[#522,Execution worker Thread 8,5,main]) started.
[        ] :gradle:processResources (Thread[#522,Execution worker Thread 8,5,main]) started.
[        ] > Task :gradle:processResources UP-TO-DATE
[        ] Caching disabled for task ':gradle:processResources' because:
[        ]   Build cache is disabled
[        ]   Not worth caching
[        ] Skipping task ':gradle:processResources' as it is up-to-date.
[        ] Resolve mutations for :gradle:classes (Thread[#522,Execution worker Thread 8,5,main]) started.
[        ] :gradle:classes (Thread[#522,Execution worker Thread 8,5,main]) started.
[        ] > Task :gradle:classes UP-TO-DATE
[        ] Skipping task ':gradle:classes' as it has no actions.
[        ] Resolve mutations for :gradle:jar (Thread[#522,Execution worker Thread 8,5,main]) started.
[        ] :gradle:jar (Thread[#522,Execution worker Thread 8,5,main]) started.
[        ] > Task :gradle:jar UP-TO-DATE
[        ] Caching disabled for task ':gradle:jar' because:
[        ]   Build cache is disabled
[        ]   Not worth caching
[        ] Skipping task ':gradle:jar' as it is up-to-date.
[ +101 ms] Settings evaluated using settings file 'C:\Users\aozka\CascadeProjects\qr_scanner_app\android\settings.gradle.kts'.
[        ] Projects loaded. Root project using build file 'C:\Users\aozka\CascadeProjects\qr_scanner_app\android\build.gradle.kts'.
[        ] Included projects: [root project 'android', project ':app', project ':google_mobile_ads', project ':mobile_scanner', project ':path_provider_android', project ':permission_handler_android', project ':share_plus', project ':shared_preferences_android', project ':url_launcher_android', project ':webview_flutter_android']
[ +202 ms] > Configure project :app
[        ] Evaluating project ':app' using build file 'C:\Users\aozka\CascadeProjects\qr_scanner_app\android\app\build.gradle.kts'.
[        ] Resolved plugin [id: 'com.android.application']
[        ] Resolved plugin [id: 'kotlin-android']
[        ] Resolved plugin [id: 'dev.flutter.flutter-gradle-plugin']
[        ] Using default execution profile
[        ] Using Kotlin Gradle Plugin gradle85 variant
[        ] C/C++: android.ndkVersion from module build.gradle is [27.0.12077973]
[        ] C/C++: android.ndkPath from module build.gradle is not set
[        ] C/C++: ndk.dir in local.properties is not set
[        ] C/C++: Not considering ANDROID_NDK_HOME because support was removed after deprecation period.
[        ] C/C++: sdkFolder is C:\Users\aozka\AppData\Local\Android\sdk
[        ] C/C++: android.ndkVersion from module build.gradle is [27.0.12077973]
[        ] C/C++: android.ndkPath from module build.gradle is not set
[        ] C/C++: ndk.dir in local.properties is not set
[        ] C/C++: Not considering ANDROID_NDK_HOME because support was removed after deprecation period.
[        ] C/C++: sdkFolder is C:\Users\aozka\AppData\Local\Android\sdk
[        ] C/C++: android.ndkVersion from module build.gradle is [27.0.12077973]
[        ] C/C++: android.ndkPath from module build.gradle is not set
[        ] C/C++: ndk.dir in local.properties is not set
[        ] C/C++: Not considering ANDROID_NDK_HOME because support was removed after deprecation period.
[        ] C/C++: sdkFolder is C:\Users\aozka\AppData\Local\Android\sdk
[        ] C/C++: android.ndkVersion from module build.gradle is [27.0.12077973]
[        ] C/C++: android.ndkPath from module build.gradle is not set
[        ] C/C++: ndk.dir in local.properties is not set
[        ] C/C++: Not considering ANDROID_NDK_HOME because support was removed after deprecation period.
[        ] C/C++: sdkFolder is C:\Users\aozka\AppData\Local\Android\sdk
[        ] C/C++: android.ndkVersion from module build.gradle is [27.0.12077973]
[        ] C/C++: android.ndkPath from module build.gradle is not set
[        ] C/C++: ndk.dir in local.properties is not set
[        ] C/C++: Not considering ANDROID_NDK_HOME because support was removed after deprecation period.
[        ] C/C++: sdkFolder is C:\Users\aozka\AppData\Local\Android\sdk
[        ] C/C++: android.ndkVersion from module build.gradle is [27.0.12077973]
[        ] C/C++: android.ndkPath from module build.gradle is not set
[        ] C/C++: ndk.dir in local.properties is not set
[        ] C/C++: Not considering ANDROID_NDK_HOME because support was removed after deprecation period.
[        ] C/C++: sdkFolder is C:\Users\aozka\AppData\Local\Android\sdk
[        ] C/C++: android.ndkVersion from module build.gradle is [27.0.12077973]
[        ] C/C++: android.ndkPath from module build.gradle is not set
[        ] C/C++: ndk.dir in local.properties is not set
[        ] C/C++: Not considering ANDROID_NDK_HOME because support was removed after deprecation period.
[        ] C/C++: sdkFolder is C:\Users\aozka\AppData\Local\Android\sdk
[        ] C/C++: android.ndkVersion from module build.gradle is [27.0.12077973]
[        ] C/C++: android.ndkPath from module build.gradle is not set
[        ] C/C++: ndk.dir in local.properties is not set
[        ] C/C++: Not considering ANDROID_NDK_HOME because support was removed after deprecation period.
[        ] C/C++: sdkFolder is C:\Users\aozka\AppData\Local\Android\sdk
[        ] C/C++: android.ndkVersion from module build.gradle is [27.0.12077973]
[        ] C/C++: android.ndkPath from module build.gradle is not set
[        ] C/C++: ndk.dir in local.properties is not set
[        ] C/C++: Not considering ANDROID_NDK_HOME because support was removed after deprecation period.
[        ] C/C++: sdkFolder is C:\Users\aozka\AppData\Local\Android\sdk
[        ] C/C++: android.ndkVersion from module build.gradle is [27.0.12077973]
[        ] C/C++: android.ndkPath from module build.gradle is not set
[        ] C/C++: ndk.dir in local.properties is not set
[        ] C/C++: Not considering ANDROID_NDK_HOME because support was removed after deprecation period.
[        ] C/C++: sdkFolder is C:\Users\aozka\AppData\Local\Android\sdk
[        ] C/C++: android.ndkVersion from module build.gradle is [27.0.12077973]
[        ] C/C++: android.ndkPath from module build.gradle is not set
[        ] C/C++: ndk.dir in local.properties is not set
[        ] C/C++: Not considering ANDROID_NDK_HOME because support was removed after deprecation period.
[        ] C/C++: sdkFolder is C:\Users\aozka\AppData\Local\Android\sdk
[        ] C/C++: android.ndkVersion from module build.gradle is [27.0.12077973]
[        ] C/C++: android.ndkPath from module build.gradle is not set
[        ] C/C++: ndk.dir in local.properties is not set
[        ] C/C++: Not considering ANDROID_NDK_HOME because support was removed after deprecation period.
[        ] C/C++: sdkFolder is C:\Users\aozka\AppData\Local\Android\sdk
[        ] C/C++: android.ndkVersion from module build.gradle is [27.0.12077973]
[        ] C/C++: android.ndkPath from module build.gradle is not set
[        ] C/C++: ndk.dir in local.properties is not set
[        ] C/C++: Not considering ANDROID_NDK_HOME because support was removed after deprecation period.
[        ] C/C++: sdkFolder is C:\Users\aozka\AppData\Local\Android\sdk
[        ] C/C++: android.ndkVersion from module build.gradle is [27.0.12077973]
[        ] C/C++: android.ndkPath from module build.gradle is not set
[        ] C/C++: ndk.dir in local.properties is not set
[        ] C/C++: Not considering ANDROID_NDK_HOME because support was removed after deprecation period.
[        ] C/C++: sdkFolder is C:\Users\aozka\AppData\Local\Android\sdk
[        ] C/C++: android.ndkVersion from module build.gradle is [27.0.12077973]
[        ] C/C++: android.ndkPath from module build.gradle is not set
[        ] C/C++: ndk.dir in local.properties is not set
[        ] C/C++: Not considering ANDROID_NDK_HOME because support was removed after deprecation period.
[        ] C/C++: sdkFolder is C:\Users\aozka\AppData\Local\Android\sdk
[        ] C/C++: android.ndkVersion from module build.gradle is [27.0.12077973]
[        ] C/C++: android.ndkPath from module build.gradle is not set
[        ] C/C++: ndk.dir in local.properties is not set
[        ] C/C++: Not considering ANDROID_NDK_HOME because support was removed after deprecation period.
[        ] C/C++: sdkFolder is C:\Users\aozka\AppData\Local\Android\sdk
[        ] C/C++: android.ndkVersion from module build.gradle is [27.0.12077973]
[        ] C/C++: android.ndkPath from module build.gradle is not set
[        ] C/C++: ndk.dir in local.properties is not set
[        ] C/C++: Not considering ANDROID_NDK_HOME because support was removed after deprecation period.
[        ] C/C++: sdkFolder is C:\Users\aozka\AppData\Local\Android\sdk
[        ] C/C++: android.ndkVersion from module build.gradle is [27.0.12077973]
[        ] C/C++: android.ndkPath from module build.gradle is not set
[        ] C/C++: ndk.dir in local.properties is not set
[        ] C/C++: Not considering ANDROID_NDK_HOME because support was removed after deprecation period.
[        ] C/C++: sdkFolder is C:\Users\aozka\AppData\Local\Android\sdk
[        ] C/C++: android.ndkVersion from module build.gradle is [27.0.12077973]
[        ] C/C++: android.ndkPath from module build.gradle is not set
[        ] C/C++: ndk.dir in local.properties is not set
[        ] C/C++: Not considering ANDROID_NDK_HOME because support was removed after deprecation period.
[        ] C/C++: sdkFolder is C:\Users\aozka\AppData\Local\Android\sdk
[        ] > Configure project :
[        ] Evaluating root project 'android' using build file 'C:\Users\aozka\CascadeProjects\qr_scanner_app\android\build.gradle.kts'.
[  +80 ms] > Configure project :google_mobile_ads
[        ] Evaluating project ':google_mobile_ads' using build file 'C:\Users\aozka\AppData\Local\Pub\Cache\hosted\pub.dev\google_mobile_ads-6.0.0\android\build.gradle'.
[        ] Using default execution profile
[  +92 ms] > Configure project :mobile_scanner
[        ] Evaluating project ':mobile_scanner' using build file 'C:\Users\aozka\AppData\Local\Pub\Cache\hosted\pub.dev\mobile_scanner-7.1.2\android\build.gradle'.
[        ] Using default execution profile
[        ] Using Kotlin Gradle Plugin gradle85 variant
[        ] > Configure project :path_provider_android
[        ] Evaluating project ':path_provider_android' using build file 'C:\Users\aozka\AppData\Local\Pub\Cache\hosted\pub.dev\path_provider_android-2.2.19\android\build.gradle'.
[        ] Using default execution profile
[ +106 ms] > Configure project :permission_handler_android
[        ] Evaluating project ':permission_handler_android' using build file 'C:\Users\aozka\AppData\Local\Pub\Cache\hosted\pub.dev\permission_handler_android-13.0.1\android\build.gradle'.
[        ] Using default execution profile
[  +92 ms] > Configure project :share_plus
[        ] Evaluating project ':share_plus' using build file 'C:\Users\aozka\AppData\Local\Pub\Cache\hosted\pub.dev\share_plus-12.0.0\android\build.gradle'.
[        ] Using default execution profile
[        ] Using Kotlin Gradle Plugin gradle85 variant
[        ] > Configure project :shared_preferences_android
[        ] Evaluating project ':shared_preferences_android' using build file 'C:\Users\aozka\AppData\Local\Pub\Cache\hosted\pub.dev\shared_preferences_android-2.4.15\android\build.gradle'.
[        ] Using default execution profile
[        ] Using Kotlin Gradle Plugin gradle85 variant
[ +107 ms] > Configure project :url_launcher_android
[        ] Evaluating project ':url_launcher_android' using build file 'C:\Users\aozka\AppData\Local\Pub\Cache\hosted\pub.dev\url_launcher_android-6.3.24\android\build.gradle'.
[        ] Using default execution profile
[        ] > Configure project :webview_flutter_android
[        ] Evaluating project ':webview_flutter_android' using build file 'C:\Users\aozka\AppData\Local\Pub\Cache\hosted\pub.dev\webview_flutter_android-4.10.5\android\build.gradle'.
[        ] Using default execution profile
[        ] Using Kotlin Gradle Plugin gradle85 variant
[        ] All projects evaluated.
[        ] Task name matched 'assembleDebug'
[        ] Selected primary task 'assembleDebug' from project :
[  +93 ms] Adding -Xuse-inline-scopes-numbers Kotlin compiler flag for task :app:compileDebugKotlin
[  +95 ms] Tasks to be executed: [task ':app:DebugMinSdkCheck', task ':app:preBuild', task ':app:preDebugBuild', task ':app:mergeDebugNativeDebugMetadata', task ':app:checkKotlinGradlePluginConfigurationErrors', task ':app:compileFlutterBuildDebug', task ':app:packJniLibsflutterBuildDebug', task ':google_mobile_ads:preBuild', task ':google_mobile_ads:preDebugBuild', task ':google_mobile_ads:writeDebugAarMetadata', task ':mobile_scanner:preBuild', task ':mobile_scanner:preDebugBuild', task ':mobile_scanner:writeDebugAarMetadata', task ':path_provider_android:preBuild', task ':path_provider_android:preDebugBuild', task ':path_provider_android:writeDebugAarMetadata', task ':permission_handler_android:preBuild', task ':permission_handler_android:preDebugBuild', task ':permission_handler_android:writeDebugAarMetadata', task ':share_plus:preBuild', task ':share_plus:preDebugBuild', task ':share_plus:writeDebugAarMetadata', task ':shared_preferences_android:preBuild', task ':shared_preferences_android:preDebugBuild', task ':shared_preferences_android:writeDebugAarMetadata', task ':url_launcher_android:preBuild', task ':url_launcher_android:preDebugBuild', task ':url_launcher_android:writeDebugAarMetadata', task ':webview_flutter_android:preBuild', task ':webview_flutter_android:preDebugBuild', task ':webview_flutter_android:writeDebugAarMetadata', task ':app:checkDebugAarMetadata', task ':app:cleanMergeDebugAssets', task ':app:mergeDebugShaders', task ':app:compileDebugShaders', task ':app:generateDebugAssets', task ':google_mobile_ads:mergeDebugShaders', task ':google_mobile_ads:compileDebugShaders', task ':google_mobile_ads:generateDebugAssets', task ':google_mobile_ads:mergeDebugAssets', task ':mobile_scanner:mergeDebugShaders', task ':mobile_scanner:compileDebugShaders', task ':mobile_scanner:generateDebugAssets', task ':mobile_scanner:mergeDebugAssets', task ':path_provider_android:mergeDebugShaders', task ':path_provider_android:compileDebugShaders', task ':path_provider_android:generateDebugAssets', task ':path_provider_android:mergeDebugAssets', task ':permission_handler_android:mergeDebugShaders', task ':permission_handler_android:compileDebugShaders', task ':permission_handler_android:generateDebugAssets', task ':permission_handler_android:mergeDebugAssets', task ':share_plus:mergeDebugShaders', task ':share_plus:compileDebugShaders', task ':share_plus:generateDebugAssets', task ':share_plus:mergeDebugAssets', task ':shared_preferences_android:mergeDebugShaders', task ':shared_preferences_android:compileDebugShaders', task ':shared_preferences_android:generateDebugAssets', task ':shared_preferences_android:mergeDebugAssets', task ':url_launcher_android:mergeDebugShaders', task ':url_launcher_android:compileDebugShaders', task ':url_launcher_android:generateDebugAssets', task ':url_launcher_android:mergeDebugAssets', task ':webview_flutter_android:mergeDebugShaders', task ':webview_flutter_android:compileDebugShaders', task ':webview_flutter_android:generateDebugAssets', task ':webview_flutter_android:mergeDebugAssets', task ':app:mergeDebugAssets', task ':app:copyFlutterAssetsDebug', task ':app:generateDebugResValues', task ':google_mobile_ads:generateDebugResValues', task ':google_mobile_ads:generateDebugResources', task ':google_mobile_ads:packageDebugResources', task ':mobile_scanner:generateDebugResValues', task ':mobile_scanner:generateDebugResources', task ':mobile_scanner:packageDebugResources', task ':path_provider_android:generateDebugResValues', task ':path_provider_android:generateDebugResources', task ':path_provider_android:packageDebugResources', task ':permission_handler_android:generateDebugResValues', task ':permission_handler_android:generateDebugResources', task ':permission_handler_android:packageDebugResources', task ':share_plus:generateDebugResValues', task ':share_plus:generateDebugResources', task ':share_plus:packageDebugResources', task ':shared_preferences_android:generateDebugResValues', task ':shared_preferences_android:generateDebugResources', task ':shared_preferences_android:packageDebugResources', task ':url_launcher_android:generateDebugResValues', task ':url_launcher_android:generateDebugResources', task ':url_launcher_android:packageDebugResources', task ':webview_flutter_android:generateDebugResValues', task ':webview_flutter_android:generateDebugResources', task ':webview_flutter_android:packageDebugResources', task ':app:mapDebugSourceSetPaths', task ':app:generateDebugResources', task ':app:mergeDebugResources', task ':app:packageDebugResources', task ':app:parseDebugLocalResources', task ':app:createDebugCompatibleScreenManifests', task ':app:extractDeepLinksDebug', task ':google_mobile_ads:extractDeepLinksDebug', task ':google_mobile_ads:processDebugManifest', task ':mobile_scanner:extractDeepLinksDebug', task ':mobile_scanner:processDebugManifest', task ':path_provider_android:extractDeepLinksDebug', task ':path_provider_android:processDebugManifest', task ':permission_handler_android:extractDeepLinksDebug', task ':permission_handler_android:processDebugManifest', task ':share_plus:extractDeepLinksDebug', task ':share_plus:processDebugManifest', task ':shared_preferences_android:extractDeepLinksDebug', task ':shared_preferences_android:processDebugManifest', task ':url_launcher_android:extractDeepLinksDebug', task ':url_launcher_android:processDebugManifest', task ':webview_flutter_android:extractDeepLinksDebug', task ':webview_flutter_android:processDebugManifest', task ':app:processDebugMainManifest', task ':app:processDebugManifest', task ':app:processDebugManifestForPackage', task ':google_mobile_ads:compileDebugLibraryResources', task ':google_mobile_ads:parseDebugLocalResources', task ':google_mobile_ads:generateDebugRFile', task ':mobile_scanner:compileDebugLibraryResources', task ':mobile_scanner:parseDebugLocalResources', task ':mobile_scanner:generateDebugRFile', task ':path_provider_android:compileDebugLibraryResources', task ':path_provider_android:parseDebugLocalResources', task ':path_provider_android:generateDebugRFile', task ':permission_handler_android:compileDebugLibraryResources', task ':permission_handler_android:parseDebugLocalResources', task ':permission_handler_android:generateDebugRFile', task ':share_plus:compileDebugLibraryResources', task ':share_plus:parseDebugLocalResources', task ':share_plus:generateDebugRFile', task ':shared_preferences_android:compileDebugLibraryResources', task ':shared_preferences_android:parseDebugLocalResources', task ':shared_preferences_android:generateDebugRFile', task ':url_launcher_android:compileDebugLibraryResources', task ':url_launcher_android:parseDebugLocalResources', task ':url_launcher_android:generateDebugRFile', task ':webview_flutter_android:compileDebugLibraryResources', task ':webview_flutter_android:parseDebugLocalResources', task ':webview_flutter_android:generateDebugRFile', task ':app:processDebugResources', task ':google_mobile_ads:javaPreCompileDebug', task ':webview_flutter_android:checkKotlinGradlePluginConfigurationErrors', task ':webview_flutter_android:compileDebugKotlin', task ':webview_flutter_android:javaPreCompileDebug', task ':webview_flutter_android:compileDebugJavaWithJavac', task ':webview_flutter_android:bundleLibCompileToJarDebug', task ':google_mobile_ads:compileDebugJavaWithJavac', task ':google_mobile_ads:bundleLibCompileToJarDebug', task ':mobile_scanner:checkKotlinGradlePluginConfigurationErrors', task ':mobile_scanner:compileDebugKotlin', task ':mobile_scanner:javaPreCompileDebug', task ':mobile_scanner:compileDebugJavaWithJavac', task ':mobile_scanner:bundleLibCompileToJarDebug', task ':path_provider_android:javaPreCompileDebug', task ':path_provider_android:compileDebugJavaWithJavac', task ':path_provider_android:bundleLibCompileToJarDebug', task ':permission_handler_android:javaPreCompileDebug', task ':permission_handler_android:compileDebugJavaWithJavac', task ':permission_handler_android:bundleLibCompileToJarDebug', task ':share_plus:checkKotlinGradlePluginConfigurationErrors', task ':share_plus:compileDebugKotlin', task ':share_plus:javaPreCompileDebug', task ':share_plus:compileDebugJavaWithJavac', task ':share_plus:bundleLibCompileToJarDebug', task ':shared_preferences_android:checkKotlinGradlePluginConfigurationErrors', task ':shared_preferences_android:compileDebugKotlin', task ':shared_preferences_android:javaPreCompileDebug', task ':shared_preferences_android:compileDebugJavaWithJavac', task ':shared_preferences_android:bundleLibCompileToJarDebug', task ':url_launcher_android:generateDebugBuildConfig', task ':url_launcher_android:javaPreCompileDebug', task ':url_launcher_android:compileDebugJavaWithJavac', task ':url_launcher_android:bundleLibCompileToJarDebug', task ':app:compileDebugKotlin', task ':app:javaPreCompileDebug', task ':app:compileDebugJavaWithJavac', task ':app:compressDebugAssets', task ':app:processDebugJavaRes', task ':google_mobile_ads:processDebugJavaRes', task ':mobile_scanner:processDebugJavaRes', task ':path_provider_android:processDebugJavaRes', task ':permission_handler_android:processDebugJavaRes', task ':share_plus:processDebugJavaRes', task ':shared_preferences_android:processDebugJavaRes', task ':url_launcher_android:processDebugJavaRes', task ':webview_flutter_android:processDebugJavaRes', task ':app:mergeDebugJavaResource', task ':app:checkDebugDuplicateClasses', task ':app:desugarDebugFileDependencies', task ':app:mergeExtDexDebug', task ':google_mobile_ads:bundleLibRuntimeToDirDebug', task ':mobile_scanner:bundleLibRuntimeToDirDebug', task ':path_provider_android:bundleLibRuntimeToDirDebug', task ':permission_handler_android:bundleLibRuntimeToDirDebug', task ':share_plus:bundleLibRuntimeToDirDebug', task ':shared_preferences_android:bundleLibRuntimeToDirDebug', task ':url_launcher_android:bundleLibRuntimeToDirDebug', task ':webview_flutter_android:bundleLibRuntimeToDirDebug', task ':app:mergeLibDexDebug', task ':app:dexBuilderDebug', task ':app:mergeProjectDexDebug', task ':app:configureCMakeDebug[arm64-v8a]', task ':app:buildCMakeDebug[arm64-v8a]', task ':app:configureCMakeDebug[armeabi-v7a]', task ':app:buildCMakeDebug[armeabi-v7a]', task ':app:configureCMakeDebug[x86_64]', task ':app:buildCMakeDebug[x86_64]', task ':app:mergeDebugJniLibFolders', task ':google_mobile_ads:mergeDebugJniLibFolders', task ':google_mobile_ads:mergeDebugNativeLibs', task ':google_mobile_ads:copyDebugJniLibsProjectOnly', task ':mobile_scanner:mergeDebugJniLibFolders', task ':mobile_scanner:mergeDebugNativeLibs', task ':mobile_scanner:copyDebugJniLibsProjectOnly', task ':path_provider_android:mergeDebugJniLibFolders', task ':path_provider_android:mergeDebugNativeLibs', task ':path_provider_android:copyDebugJniLibsProjectOnly', task ':permission_handler_android:mergeDebugJniLibFolders', task ':permission_handler_android:mergeDebugNativeLibs', task ':permission_handler_android:copyDebugJniLibsProjectOnly', task ':share_plus:mergeDebugJniLibFolders', task ':share_plus:mergeDebugNativeLibs', task ':share_plus:copyDebugJniLibsProjectOnly', task ':shared_preferences_android:mergeDebugJniLibFolders', task ':shared_preferences_android:mergeDebugNativeLibs', task ':shared_preferences_android:copyDebugJniLibsProjectOnly', task ':url_launcher_android:mergeDebugJniLibFolders', task ':url_launcher_android:mergeDebugNativeLibs', task ':url_launcher_android:copyDebugJniLibsProjectOnly', task ':webview_flutter_android:mergeDebugJniLibFolders', task ':webview_flutter_android:mergeDebugNativeLibs', task ':webview_flutter_android:copyDebugJniLibsProjectOnly', task ':app:mergeDebugNativeLibs', task ':app:stripDebugDebugSymbols', task ':app:validateSigningDebug', task ':app:writeDebugAppMetadata', task ':app:writeDebugSigningConfigVersions', task ':app:packageDebug', task ':app:createDebugApkListingFileRedirect', task ':app:assembleDebug', task ':google_mobile_ads:stripDebugDebugSymbols', task ':google_mobile_ads:copyDebugJniLibsProjectAndLocalJars', task ':google_mobile_ads:extractDebugAnnotations', task ':google_mobile_ads:extractDeepLinksForAarDebug', task ':google_mobile_ads:mergeDebugGeneratedProguardFiles', task ':google_mobile_ads:mergeDebugConsumerProguardFiles', task ':google_mobile_ads:prepareDebugArtProfile', task ':google_mobile_ads:prepareLintJarForPublish', task ':google_mobile_ads:mergeDebugJavaResource', task ':google_mobile_ads:syncDebugLibJars', task ':google_mobile_ads:bundleDebugAar', task ':google_mobile_ads:assembleDebug', task ':mobile_scanner:stripDebugDebugSymbols', task ':mobile_scanner:copyDebugJniLibsProjectAndLocalJars', task ':mobile_scanner:extractDebugAnnotations', task ':mobile_scanner:extractDeepLinksForAarDebug', task ':mobile_scanner:mergeDebugGeneratedProguardFiles', task ':mobile_scanner:mergeDebugConsumerProguardFiles', task ':mobile_scanner:prepareDebugArtProfile', task ':mobile_scanner:prepareLintJarForPublish', task ':mobile_scanner:mergeDebugJavaResource', task ':mobile_scanner:syncDebugLibJars', task ':mobile_scanner:bundleDebugAar', task ':mobile_scanner:assembleDebug', task ':path_provider_android:stripDebugDebugSymbols', task ':path_provider_android:copyDebugJniLibsProjectAndLocalJars', task ':path_provider_android:extractDebugAnnotations', task ':path_provider_android:extractDeepLinksForAarDebug', task ':path_provider_android:mergeDebugGeneratedProguardFiles', task ':path_provider_android:mergeDebugConsumerProguardFiles', task ':path_provider_android:prepareDebugArtProfile', task ':path_provider_android:prepareLintJarForPublish', task ':path_provider_android:mergeDebugJavaResource', task ':path_provider_android:syncDebugLibJars', task ':path_provider_android:bundleDebugAar', task ':path_provider_android:assembleDebug', task ':permission_handler_android:stripDebugDebugSymbols', task ':permission_handler_android:copyDebugJniLibsProjectAndLocalJars', task ':permission_handler_android:extractDebugAnnotations', task ':permission_handler_android:extractDeepLinksForAarDebug', task ':permission_handler_android:mergeDebugGeneratedProguardFiles', task ':permission_handler_android:mergeDebugConsumerProguardFiles', task ':permission_handler_android:prepareDebugArtProfile', task ':permission_handler_android:prepareLintJarForPublish', task ':permission_handler_android:mergeDebugJavaResource', task ':permission_handler_android:syncDebugLibJars', task ':permission_handler_android:bundleDebugAar', task ':permission_handler_android:assembleDebug', task ':share_plus:stripDebugDebugSymbols', task ':share_plus:copyDebugJniLibsProjectAndLocalJars', task ':share_plus:extractDebugAnnotations', task ':share_plus:extractDeepLinksForAarDebug', task ':share_plus:mergeDebugGeneratedProguardFiles', task ':share_plus:mergeDebugConsumerProguardFiles', task ':share_plus:prepareDebugArtProfile', task ':share_plus:prepareLintJarForPublish', task ':share_plus:mergeDebugJavaResource', task ':share_plus:syncDebugLibJars', task ':share_plus:bundleDebugAar', task ':share_plus:assembleDebug', task ':shared_preferences_android:stripDebugDebugSymbols', task ':shared_preferences_android:copyDebugJniLibsProjectAndLocalJars', task ':shared_preferences_android:extractDebugAnnotations', task ':shared_preferences_android:extractDeepLinksForAarDebug', task ':shared_preferences_android:mergeDebugGeneratedProguardFiles', task ':shared_preferences_android:mergeDebugConsumerProguardFiles', task ':shared_preferences_android:prepareDebugArtProfile', task ':shared_preferences_android:prepareLintJarForPublish', task ':shared_preferences_android:mergeDebugJavaResource', task ':shared_preferences_android:syncDebugLibJars', task ':shared_preferences_android:bundleDebugAar', task ':shared_preferences_android:assembleDebug', task ':url_launcher_android:stripDebugDebugSymbols', task ':url_launcher_android:copyDebugJniLibsProjectAndLocalJars', task ':url_launcher_android:extractDebugAnnotations', task ':url_launcher_android:extractDeepLinksForAarDebug', task ':url_launcher_android:mergeDebugGeneratedProguardFiles', task ':url_launcher_android:mergeDebugConsumerProguardFiles', task ':url_launcher_android:prepareDebugArtProfile', task ':url_launcher_android:prepareLintJarForPublish', task ':url_launcher_android:mergeDebugJavaResource', task ':url_launcher_android:syncDebugLibJars', task ':url_launcher_android:bundleDebugAar', task ':url_launcher_android:assembleDebug', task ':webview_flutter_android:stripDebugDebugSymbols', task ':webview_flutter_android:copyDebugJniLibsProjectAndLocalJars', task ':webview_flutter_android:extractDebugAnnotations', task ':webview_flutter_android:extractDeepLinksForAarDebug', task ':webview_flutter_android:mergeDebugGeneratedProguardFiles', task ':webview_flutter_android:mergeDebugConsumerProguardFiles', task ':webview_flutter_android:prepareDebugArtProfile', task ':webview_flutter_android:prepareLintJarForPublish', task ':webview_flutter_android:mergeDebugJavaResource', task ':webview_flutter_android:syncDebugLibJars', task ':webview_flutter_android:bundleDebugAar', task ':webview_flutter_android:assembleDebug']
[        ] Tasks that were excluded: []
[        ] work action Parameters of ClassesDirToClassesTransform (Thread[#527,Execution worker Thread 13,5,main]) started.
[        ] work action Parameters of DexingNoClasspathTransform (Thread[#514,included builds,5,main]) started.
[        ] Resolve mutations for :app:DebugMinSdkCheck (Thread[#514,included builds,5,main]) started.
[        ] :app:DebugMinSdkCheck (Thread[#516,Execution worker Thread 2,5,main]) started.
[        ] > Task :app:DebugMinSdkCheck
[        ] Caching disabled for task ':app:DebugMinSdkCheck' because:
[        ]   Build cache is disabled
[        ] Task ':app:DebugMinSdkCheck' is not up-to-date because:
[        ]   Task has not declared any outputs despite executing actions.
[        ] Resolve mutations for :app:preBuild (Thread[#516,Execution worker Thread 2,5,main]) started.
[        ] :app:preBuild (Thread[#516,Execution worker Thread 2,5,main]) started.
[        ] > Task :app:preBuild UP-TO-DATE
[        ] Skipping task ':app:preBuild' as it has no actions.
[        ] Resolve mutations for :app:preDebugBuild (Thread[#516,Execution worker Thread 2,5,main]) started.
[        ] :app:preDebugBuild (Thread[#516,Execution worker Thread 2,5,main]) started.
[        ] > Task :app:preDebugBuild UP-TO-DATE
[        ] Skipping task ':app:preDebugBuild' as it has no actions.
[        ] Resolve mutations for :app:mergeDebugNativeDebugMetadata (Thread[#516,Execution worker Thread 2,5,main]) started.
[        ] :app:mergeDebugNativeDebugMetadata (Thread[#516,Execution worker Thread 2,5,main]) started.
[        ] > Task :app:mergeDebugNativeDebugMetadata NO-SOURCE
[        ] Skipping task ':app:mergeDebugNativeDebugMetadata' as it has no source files and no previous output files.
[        ] Resolve mutations for :app:checkKotlinGradlePluginConfigurationErrors (Thread[#516,Execution worker Thread 2,5,main]) started.
[        ] :app:checkKotlinGradlePluginConfigurationErrors (Thread[#516,Execution worker Thread 2,5,main]) started.
[        ] > Task :app:checkKotlinGradlePluginConfigurationErrors SKIPPED
[        ] Skipping task ':app:checkKotlinGradlePluginConfigurationErrors' as task onlyIf 'errorDiagnostics are present' is false.
[        ] Resolve mutations for :app:compileFlutterBuildDebug (Thread[#516,Execution worker Thread 2,5,main]) started.
[        ] :app:compileFlutterBuildDebug (Thread[#516,Execution worker Thread 2,5,main]) started.
[ +276 ms] lib/main.dart:50:15: Error: Not a constant expression.
[        ]               AppLocalizations.delegate,
[        ]               ^^^^^^^^^^^^^^^^
[+1731 ms] > Task :app:compileFlutterBuildDebug
[        ] Caching disabled for task ':app:compileFlutterBuildDebug' because:
[        ]   Build cache is disabled
[        ]   Caching has not been enabled for the task
[        ] Task ':app:compileFlutterBuildDebug' is not up-to-date because:
[        ]   Task has failed previously.
[        ] Starting process 'command 'C:\flutter\bin\flutter.bat''. Working directory: C:\Users\aozka\CascadeProjects\qr_scanner_app Command: C:\flutter\bin\flutter.bat --verbose assemble --no-version-check --depfile C:\Users\aozka\CascadeProjects\qr_scanner_app\build\app\intermediates\flutter\debug/flutter_build.d --output C:\Users\aozka\CascadeProjects\qr_scanner_app\build\app\intermediates\flutter\debug -dTargetFile=C:\Users\aozka\CascadeProjects\qr_scanner_app\lib\main.dart -dTargetPlatform=android -dBuildMode=debug -dTrackWidgetCreation=true --DartDefines=RkxVVFRFUl9WRVJTSU9OPTMuMzUuNQ==,RkxVVFRFUl9DSEFOTkVMPXN0YWJsZQ==,RkxVVFRFUl9HSVRfVVJMPWh0dHBzOi8vZ2l0aHViLmNvbS9mbHV0dGVyL2ZsdXR0ZXIuZ2l0,RkxVVFRFUl9GUkFNRVdPUktfUkVWSVNJT049YWM0ZTc5OWQyMw==,RkxVVFRFUl9FTkdJTkVfUkVWSVNJT049ZDNkNDVkY2YyNQ==,RkxVVFRFUl9EQVJUX1ZFUlNJT049My45LjI= -dFlavor= -dAndroidArchs=android-x64 -dMinSdkVersion=24 debug_android_application
[        ] Successfully started process 'command 'C:\flutter\bin\flutter.bat''
[        ] [ +129 ms] Artifact Instance of 'MaterialFonts' is not required, skipping update.
[        ] [        ] Artifact Instance of 'GradleWrapper' is not required, skipping update.
[        ] [        ] Artifact Instance of 'AndroidGenSnapshotArtifacts' is not required, skipping update.
[        ] [        ] Artifact Instance of 'AndroidInternalBuildArtifacts' is not required, skipping update.
[        ] [        ] Artifact Instance of 'IOSEngineArtifacts' is not required, skipping update.
[        ] [        ] Artifact Instance of 'FlutterWebSdk' is not required, skipping update.
[        ] [        ] Artifact Instance of 'LegacyCanvasKitRemover' is not required, skipping update.
[        ] [        ] Artifact Instance of 'FlutterSdk' is not required, skipping update.
[        ] [        ] Artifact Instance of 'WindowsEngineArtifacts' is not required, skipping update.
[        ] [        ] Artifact Instance of 'MacOSEngineArtifacts' is not required, skipping update.
[        ] [        ] Artifact Instance of 'LinuxEngineArtifacts' is not required, skipping update.
[        ] [        ] Artifact Instance of 'LinuxFuchsiaSDKArtifacts' is not required, skipping update.
[        ] [        ] Artifact Instance of 'MacOSFuchsiaSDKArtifacts' is not required, skipping update.
[        ] [        ] Artifact Instance of 'FlutterRunnerSDKArtifacts' is not required, skipping update.
[        ] [        ] Artifact Instance of 'FlutterRunnerDebugSymbols' is not required, skipping update.
[        ] [        ] Artifact Instance of 'IosUsbArtifacts' is not required, skipping update.
[        ] [        ] Artifact Instance of 'IosUsbArtifacts' is not required, skipping update.
[        ] [        ] Artifact Instance of 'IosUsbArtifacts' is not required, skipping update.
[        ] [        ] Artifact Instance of 'IosUsbArtifacts' is not required, skipping update.
[        ] [        ] Artifact Instance of 'IosUsbArtifacts' is not required, skipping update.
[        ] [        ] Artifact Instance of 'IosUsbArtifacts' is not required, skipping update.
[        ] [        ] Artifact Instance of 'FontSubsetArtifacts' is not required, skipping update.
[        ] [        ] Artifact Instance of 'PubDependencies' is not required, skipping update.
[        ] [   +8 ms] Artifact Instance of 'AndroidGenSnapshotArtifacts' is not required, skipping update.
[        ] [        ] Artifact Instance of 'AndroidInternalBuildArtifacts' is not required, skipping update.
[        ] [        ] Artifact Instance of 'IOSEngineArtifacts' is not required, skipping update.
[        ] [        ] Artifact Instance of 'FlutterWebSdk' is not required, skipping update.
[        ] [        ] Artifact Instance of 'FlutterEngineStamp' is not required, skipping update.
[        ] [        ] Artifact Instance of 'LegacyCanvasKitRemover' is not required, skipping update.
[        ] [   +3 ms] Artifact Instance of 'WindowsEngineArtifacts' is not required, skipping update.
[        ] [        ] Artifact Instance of 'MacOSEngineArtifacts' is not required, skipping update.
[        ] [        ] Artifact Instance of 'LinuxEngineArtifacts' is not required, skipping update.
[        ] [        ] Artifact Instance of 'LinuxFuchsiaSDKArtifacts' is not required, skipping update.
[        ] [        ] Artifact Instance of 'MacOSFuchsiaSDKArtifacts' is not required, skipping update.
[        ] [        ] Artifact Instance of 'FlutterRunnerSDKArtifacts' is not required, skipping update.
[        ] [        ] Artifact Instance of 'FlutterRunnerDebugSymbols' is not required, skipping update.
[        ] [  +54 ms] Artifact Instance of 'MaterialFonts' is not required, skipping update.
[        ] [        ] Artifact Instance of 'GradleWrapper' is not required, skipping update.
[        ] [   +1 ms] Artifact Instance of 'AndroidInternalBuildArtifacts' is not required, skipping update.
[        ] [        ] Artifact Instance of 'IOSEngineArtifacts' is not required, skipping update.
[        ] [        ] Artifact Instance of 'FlutterWebSdk' is not required, skipping update.
[        ] [        ] Artifact Instance of 'FlutterEngineStamp' is not required, skipping update.
[        ] [        ] Artifact Instance of 'LegacyCanvasKitRemover' is not required, skipping update.
[        ] [        ] Artifact Instance of 'FlutterSdk' is not required, skipping update.
[        ] [        ] Artifact Instance of 'WindowsEngineArtifacts' is not required, skipping update.
[        ] [        ] Artifact Instance of 'MacOSEngineArtifacts' is not required, skipping update.
[        ] [        ] Artifact Instance of 'LinuxEngineArtifacts' is not required, skipping update.
[        ] [        ] Artifact Instance of 'LinuxFuchsiaSDKArtifacts' is not required, skipping update.
[        ] [        ] Artifact Instance of 'MacOSFuchsiaSDKArtifacts' is not required, skipping update.
[        ] [        ] Artifact Instance of 'FlutterRunnerSDKArtifacts' is not required, skipping update.
[        ] [        ] Artifact Instance of 'FlutterRunnerDebugSymbols' is not required, skipping update.
[        ] [        ] Artifact Instance of 'IosUsbArtifacts' is not required, skipping update.
[        ] [        ] Artifact Instance of 'IosUsbArtifacts' is not required, skipping update.
[        ] [        ] Artifact Instance of 'IosUsbArtifacts' is not required, skipping update.
[        ] [        ] Artifact Instance of 'IosUsbArtifacts' is not required, skipping update.
[        ] [        ] Artifact Instance of 'IosUsbArtifacts' is not required, skipping update.
[        ] [        ] Artifact Instance of 'IosUsbArtifacts' is not required, skipping update.
[        ] [        ] Artifact Instance of 'FontSubsetArtifacts' is not required, skipping update.
[        ] [        ] Artifact Instance of 'PubDependencies' is not required, skipping update.
[        ] [  +25 ms] Initializing file store
[        ] [   +1 ms] Done initializing file store
[        ] [  +21 ms] Skipping target: gen_localizations
[        ] [   +1 ms] Skipping target: gen_dart_plugin_registrant
[        ] [        ] Skipping target: dart_build
[        ] [   +2 ms] Skipping target: install_code_assets
[        ] [        ] kernel_snapshot_program: Starting due to {InvalidatedReasonKind.outputSetAddition: The following outputs were added to the output set: C:\Users\aozka\CascadeProjects\qr_scanner_app\.dart_tool\flutter_build\6e62e8fd5ce98f46cf8942db0e28a087\app.dill}
[        ] [  +10 ms] C:\flutter\bin\cache\dart-sdk\bin\dartaotruntime.exe C:\flutter\bin\cache\dart-sdk\bin\snapshots\frontend_server_aot.dart.snapshot --sdk-root C:\flutter\bin\cache\artifacts\engine\common\flutter_patched_sdk/ --target=flutter --no-print-incremental-dependencies -DFLUTTER_VERSION=3.35.5 -DFLUTTER_CHANNEL=stable -DFLUTTER_GIT_URL=https://github.com/flutter/flutter.git -DFLUTTER_FRAMEWORK_REVISION=ac4e799d23 -DFLUTTER_ENGINE_REVISION=d3d45dcf25 -DFLUTTER_DART_VERSION=3.9.2 -DFLUTTER_APP_FLAVOR= -Ddart.vm.profile=false -Ddart.vm.product=false --enable-asserts --track-widget-creation --no-link-platform --packages C:\Users\aozka\CascadeProjects\qr_scanner_app\.dart_tool\package_config.json --output-dill C:\Users\aozka\CascadeProjects\qr_scanner_app\.dart_tool\flutter_build\6e62e8fd5ce98f46cf8942db0e28a087\app.dill --depfile C:\Users\aozka\CascadeProjects\qr_scanner_app\.dart_tool\flutter_build\6e62e8fd5ce98f46cf8942db0e28a087\kernel_snapshot_program.d --incremental --initialize-from-dill C:\Users\aozka\CascadeProjects\qr_scanner_app\.dart_tool\flutter_build\6e62e8fd5ce98f46cf8942db0e28a087\app.dill --source file:///C:/Users/aozka/CascadeProjects/qr_scanner_app/.dart_tool/flutter_build/dart_plugin_registrant.dart --source package:flutter/src/dart_plugin_registrant.dart -Dflutter.dart_plugin_registrant=file:///C:/Users/aozka/CascadeProjects/qr_scanner_app/.dart_tool/flutter_build/dart_plugin_registrant.dart --verbosity=error package:qr_scanner_app/main.dart
[        ] [   +4 ms] Invalid depfile: C:\Users\aozka\CascadeProjects\qr_scanner_app\.dart_tool\flutter_build\6e62e8fd5ce98f46cf8942db0e28a087\kernel_snapshot_program.d
[        ] [   +1 ms] Invalid depfile: C:\Users\aozka\CascadeProjects\qr_scanner_app\.dart_tool\flutter_build\6e62e8fd5ce98f46cf8942db0e28a087\kernel_snapshot_program.d
[        ] [ +974 ms] Error: Couldn't resolve the package 'flutter_gen' in 'package:flutter_gen/gen_l10n/app_localizations.dart'.
[        ] [   +2 ms] lib/main.dart:5:8: Error: Not found: 'package:flutter_gen/gen_l10n/app_localizations.dart'
[        ] [        ] import 'package:flutter_gen/gen_l10n/app_localizations.dart';
[        ] [        ]        ^
[+2486 ms] [+2532 ms] lib/main.dart:50:15: Error: Not a constant expression.
[        ] [        ]               AppLocalizations.delegate,
[        ] [        ]               ^^^^^^^^^^^^^^^^
[+5496 ms] [+5486 ms] Unhandled exception:
[        ]            FileSystemException(uri=org-dartlang-untranslatable-uri:package%3Aflutter_gen%2Fgen_l10n%2Fapp_localizations.dart; message=StandardFileSystem only supports file:* and data:* URIs)
[        ]            #0      StandardFileSystem.entityForUri (package:front_end/src/api_prototype/standard_file_system.dart:45)
[        ]            #1      asFileUri (package:vm/kernel_front_end.dart:1002)
[        ]            #2      writeDepfile (package:vm/kernel_front_end.dart:1165)
[        ]            <asynchronous suspension>
[        ]            #3      FrontendCompiler.compile (package:frontend_server/frontend_server.dart:729)
[        ]            <asynchronous suspension>
[        ]            #4      starter (package:frontend_server/starter.dart:102)
[        ]            <asynchronous suspension>
[        ]            #5      main (file:///C:/b/s/w/ir/x/w/sdk/pkg/frontend_server/bin/frontend_server_starter.dart:13)
[        ]            <asynchronous suspension>
[        ] [   +2 ms] Target kernel_snapshot_program failed: Exception
[        ]            #0      KernelSnapshot.build (package:flutter_tools/src/build_system/targets/common.dart:282:7)
[        ]            <asynchronous suspension>
[        ]            #1      _BuildInstance._invokeInternal (package:flutter_tools/src/build_system/build_system.dart:873:9)
[        ]            <asynchronous suspension>
[        ]            #2      Future.wait.<anonymous closure> (dart:async/future.dart:525:21)
[        ]            <asynchronous suspension>
[        ]            #3      _BuildInstance.invokeTarget (package:flutter_tools/src/build_system/build_system.dart:811:32)
[        ]            <asynchronous suspension>
[        ] [  +46 ms] Persisting file store
[        ] [   +2 ms] Done persisting file store
[        ]            #4      FlutterBuildSystem.build (package:flutter_tools/src/build_system/build_system.dart:631:16)
[        ]            <asynchronous suspension>
[        ]            #5      AssembleCommand.runCommand (package:flutter_tools/src/commands/assemble.dart:346:32)
[        ]            <asynchronous suspension>
[        ]            #6      FlutterCommand.run.<anonymous closure> (package:flutter_tools/src/runner/flutter_command.dart:1581:27)
[        ]            <asynchronous suspension>
[        ]            #7      AppContext.run.<anonymous closure> (package:flutter_tools/src/base/context.dart:154:19)
[        ]            <asynchronous suspension>
[        ]            #8      CommandRunner.runCommand (package:args/command_runner.dart:212:13)
[        ]            <asynchronous suspension>
[        ]            #9      FlutterCommandRunner.runCommand.<anonymous closure> (package:flutter_tools/src/runner/flutter_command_runner.dart:503:9)
[        ]            <asynchronous suspension>
[        ]            #10     AppContext.run.<anonymous closure> (package:flutter_tools/src/base/context.dart:154:19)
[        ]            <asynchronous suspension>
[        ] [   +8 ms] "flutter assemble" took 9.190ms.
[        ]            #11     FlutterCommandRunner.runCommand (package:flutter_tools/src/runner/flutter_command_runner.dart:438:5)
[        ]            <asynchronous suspension>
[        ]            #12     run.<anonymous closure>.<anonymous closure> (package:flutter_tools/runner.dart:98:11)
[        ]            <asynchronous suspension>
[        ]            #13     AppContext.run.<anonymous closure> (package:flutter_tools/src/base/context.dart:154:19)
[        ]            <asynchronous suspension>
[        ]            #14     main (package:flutter_tools/executable.dart:101:3)
[        ]            <asynchronous suspension>
[  +88 ms] [  +52 ms] 
[        ]            #0      throwToolExit (package:flutter_tools/src/base/common.dart:34:3)
[        ] [        ] Running 1 shutdown hook
[        ]            #1      AssembleCommand.runCommand (package:flutter_tools/src/commands/assemble.dart:364:7)
[        ]            <asynchronous suspension>
[        ]            #2      FlutterCommand.run.<anonymous closure> (package:flutter_tools/src/runner/flutter_command.dart:1581:27)
[        ]            <asynchronous suspension>
[        ]            #3      AppContext.run.<anonymous closure> (package:flutter_tools/src/base/context.dart:154:19)
[        ]            <asynchronous suspension>
[        ]            #4      CommandRunner.runCommand (package:args/command_runner.dart:212:13)
[        ] [        ] Shutdown hooks complete
[        ] [  +24 ms] exiting with code 1
[        ] > Task :app:compileFlutterBuildDebug FAILED
[        ]            <asynchronous suspension>
[        ]            #5      FlutterCommandRunner.runCommand.<anonymous closure> (package:flutter_tools/src/runner/flutter_command_runner.dart:503:9)
[        ]            <asynchronous suspension>
[        ]            #6      AppContext.run.<anonymous closure> (package:flutter_tools/src/base/context.dart:154:19)
[        ]            <asynchronous suspension>
[        ]            #7      FlutterCommandRunner.runCommand (package:flutter_tools/src/runner/flutter_command_runner.dart:438:5)
[        ]            <asynchronous suspension>
[        ]            #8      run.<anonymous closure>.<anonymous closure> (package:flutter_tools/runner.dart:98:11)
[        ]            <asynchronous suspension>
[        ]            #9      AppContext.run.<anonymous closure> (package:flutter_tools/src/base/context.dart:154:19)
[        ]            <asynchronous suspension>
[        ]            #10     main (package:flutter_tools/executable.dart:101:3)
[        ]            <asynchronous suspension>
[ +197 ms] [Incubating] Problems report is available at: file:///C:/Users/aozka/CascadeProjects/qr_scanner_app/build/reports/problems/problems-report.html
[        ] FAILURE: Build failed with an exception.
[        ] * What went wrong:
[        ] Execution failed for task ':app:compileFlutterBuildDebug'.
[        ] > Process 'command 'C:\flutter\bin\flutter.bat'' finished with non-zero exit value 1
[        ] * Try:
[        ] > Run with --debug option to get more log output.
[        ] > Run with --scan to get full insights.
[        ] > Get more help at https://help.gradle.org.
[        ] * Exception is:
[        ] org.gradle.api.tasks.TaskExecutionException: Execution failed for task ':app:compileFlutterBuildDebug'.
[        ] 	at org.gradle.api.internal.tasks.execution.ExecuteActionsTaskExecuter.lambda$executeIfValid$1(ExecuteActionsTaskExecuter.java:130)
[        ] 	at org.gradle.internal.Try$Failure.ifSuccessfulOrElse(Try.java:293)
[        ] 	at org.gradle.api.internal.tasks.execution.ExecuteActionsTaskExecuter.executeIfValid(ExecuteActionsTaskExecuter.java:128)
[        ] 	at org.gradle.api.internal.tasks.execution.ExecuteActionsTaskExecuter.execute(ExecuteActionsTaskExecuter.java:116)
[        ] 	at org.gradle.api.internal.tasks.execution.ProblemsTaskPathTrackingTaskExecuter.execute(ProblemsTaskPathTrackingTaskExecuter.java:40)
[        ] 	at org.gradle.api.internal.tasks.execution.FinalizePropertiesTaskExecuter.execute(FinalizePropertiesTaskExecuter.java:46)
[        ] 	at org.gradle.api.internal.tasks.execution.ResolveTaskExecutionModeExecuter.execute(ResolveTaskExecutionModeExecuter.java:51)
[        ] 	at org.gradle.api.internal.tasks.execution.SkipTaskWithNoActionsExecuter.execute(SkipTaskWithNoActionsExecuter.java:57)
[        ] 	at org.gradle.api.internal.tasks.execution.SkipOnlyIfTaskExecuter.execute(SkipOnlyIfTaskExecuter.java:74)
[        ] 	at org.gradle.api.internal.tasks.execution.CatchExceptionTaskExecuter.execute(CatchExceptionTaskExecuter.java:36)
[        ] 	at org.gradle.api.internal.tasks.execution.EventFiringTaskExecuter$1.executeTask(EventFiringTaskExecuter.java:77)
[        ] 	at org.gradle.api.internal.tasks.execution.EventFiringTaskExecuter$1.call(EventFiringTaskExecuter.java:55)
[        ] 	at org.gradle.api.internal.tasks.execution.EventFiringTaskExecuter$1.call(EventFiringTaskExecuter.java:52)
[        ] 	at org.gradle.internal.operations.DefaultBuildOperationRunner$CallableBuildOperationWorker.execute(DefaultBuildOperationRunner.java:209)
[        ] 	at org.gradle.internal.operations.DefaultBuildOperationRunner$CallableBuildOperationWorker.execute(DefaultBuildOperationRunner.java:204)
[        ] 	at org.gradle.internal.operations.DefaultBuildOperationRunner$2.execute(DefaultBuildOperationRunner.java:66)
[        ] 	at org.gradle.internal.operations.DefaultBuildOperationRunner$2.execute(DefaultBuildOperationRunner.java:59)
[        ] 	at org.gradle.internal.operations.DefaultBuildOperationRunner.execute(DefaultBuildOperationRunner.java:166)
[        ] 	at org.gradle.internal.operations.DefaultBuildOperationRunner.execute(DefaultBuildOperationRunner.java:59)
[        ] 	at org.gradle.internal.operations.DefaultBuildOperationRunner.call(DefaultBuildOperationRunner.java:53)
[        ] 	at org.gradle.api.internal.tasks.execution.EventFiringTaskExecuter.execute(EventFiringTaskExecuter.java:52)
[        ] 	at org.gradle.execution.plan.LocalTaskNodeExecutor.execute(LocalTaskNodeExecutor.java:42)
[        ] 	at org.gradle.execution.taskgraph.DefaultTaskExecutionGraph$InvokeNodeExecutorsAction.execute(DefaultTaskExecutionGraph.java:331)
[        ] 	at org.gradle.execution.taskgraph.DefaultTaskExecutionGraph$InvokeNodeExecutorsAction.execute(DefaultTaskExecutionGraph.java:318)
[        ] 	at org.gradle.execution.taskgraph.DefaultTaskExecutionGraph$BuildOperationAwareExecutionAction.lambda$execute$0(DefaultTaskExecutionGraph.java:314)
[        ] 	at org.gradle.internal.operations.CurrentBuildOperationRef.with(CurrentBuildOperationRef.java:85)
[        ] 	at org.gradle.execution.taskgraph.DefaultTaskExecutionGraph$BuildOperationAwareExecutionAction.execute(DefaultTaskExecutionGraph.java:314)
[        ] 	at org.gradle.execution.taskgraph.DefaultTaskExecutionGraph$BuildOperationAwareExecutionAction.execute(DefaultTaskExecutionGraph.java:303)
[        ] 	at org.gradle.execution.plan.DefaultPlanExecutor$ExecutorWorker.execute(DefaultPlanExecutor.java:459)
[        ] 	at org.gradle.execution.plan.DefaultPlanExecutor$ExecutorWorker.run(DefaultPlanExecutor.java:376)
[        ] 	at org.gradle.internal.concurrent.ExecutorPolicy$CatchAndRecordFailures.onExecute(ExecutorPolicy.java:64)
[        ] 	at org.gradle.internal.concurrent.AbstractManagedExecutor$1.run(AbstractManagedExecutor.java:48)
[        ] 	at java.base/java.util.concurrent.ThreadPoolExecutor.runWorker(Unknown Source)
[        ] 	at java.base/java.util.concurrent.ThreadPoolExecutor$Worker.run(Unknown Source)
[        ] 	at java.base/java.lang.Thread.run(Unknown Source)
[        ] Caused by: org.gradle.process.internal.ExecException: Process 'command 'C:\flutter\bin\flutter.bat'' finished with non-zero exit value 1
[        ] 	at org.gradle.process.internal.DefaultExecHandle$ExecResultImpl.assertNormalExitValue(DefaultExecHandle.java:442)
[        ] 	at org.gradle.process.internal.DefaultExecAction.execute(DefaultExecAction.java:49)
[        ] 	at org.gradle.process.internal.DefaultExecActionFactory.exec(DefaultExecActionFactory.java:218)
[        ] 	at org.gradle.process.internal.DefaultExecOperations.exec(DefaultExecOperations.java:37)
[        ] 	at com.flutter.gradle.tasks.BaseFlutterTaskHelper.buildBundle(BaseFlutterTaskHelper.kt:174)
[        ] 	at com.flutter.gradle.tasks.BaseFlutterTask.buildBundle(BaseFlutterTask.kt:147)
[        ] 	at com.flutter.gradle.tasks.FlutterTaskHelper.build$gradle(FlutterTaskHelper.kt:90)
[        ] 	at com.flutter.gradle.tasks.FlutterTask.build(FlutterTask.kt:49)
[        ] 	at java.base/jdk.internal.reflect.DirectMethodHandleAccessor.invoke(Unknown Source)
[        ] 	at java.base/java.lang.reflect.Method.invoke(Unknown Source)
[        ] 	at org.gradle.internal.reflect.JavaMethod.invoke(JavaMethod.java:125)
[        ] 	at org.gradle.api.internal.project.taskfactory.StandardTaskAction.doExecute(StandardTaskAction.java:58)
[        ] 	at org.gradle.api.internal.project.taskfactory.StandardTaskAction.execute(StandardTaskAction.java:51)
[        ] 	at org.gradle.api.internal.project.taskfactory.StandardTaskAction.execute(StandardTaskAction.java:29)
[        ] 	at org.gradle.api.internal.tasks.execution.TaskExecution$3.run(TaskExecution.java:244)
[        ] 	at org.gradle.internal.operations.DefaultBuildOperationRunner$1.execute(DefaultBuildOperationRunner.java:29)
[        ] 	at org.gradle.internal.operations.DefaultBuildOperationRunner$1.execute(DefaultBuildOperationRunner.java:26)
[        ] 	at org.gradle.internal.operations.DefaultBuildOperationRunner$2.execute(DefaultBuildOperationRunner.java:66)
[        ] 	at org.gradle.internal.operations.DefaultBuildOperationRunner$2.execute(DefaultBuildOperationRunner.java:59)
[        ] 	at org.gradle.internal.operations.DefaultBuildOperationRunner.execute(DefaultBuildOperationRunner.java:166)
[        ] 	at org.gradle.internal.operations.DefaultBuildOperationRunner.execute(DefaultBuildOperationRunner.java:59)
[        ] 	at org.gradle.internal.operations.DefaultBuildOperationRunner.run(DefaultBuildOperationRunner.java:47)
[        ] 	at org.gradle.api.internal.tasks.execution.TaskExecution.executeAction(TaskExecution.java:229)
[        ] 	at org.gradle.api.internal.tasks.execution.TaskExecution.executeActions(TaskExecution.java:212)
[        ] 	at org.gradle.api.internal.tasks.execution.TaskExecution.executeWithPreviousOutputFiles(TaskExecution.java:195)
[        ] 	at org.gradle.api.internal.tasks.execution.TaskExecution.execute(TaskExecution.java:162)
[        ] 	at org.gradle.internal.execution.steps.ExecuteStep.executeInternal(ExecuteStep.java:105)
[        ] 	at org.gradle.internal.execution.steps.ExecuteStep.access$000(ExecuteStep.java:44)
[        ] 	at org.gradle.internal.execution.steps.ExecuteStep$1.call(ExecuteStep.java:59)
[        ] 	at org.gradle.internal.execution.steps.ExecuteStep$1.call(ExecuteStep.java:56)
[        ] 	at org.gradle.internal.operations.DefaultBuildOperationRunner$CallableBuildOperationWorker.execute(DefaultBuildOperationRunner.java:209)
[        ] 	at org.gradle.internal.operations.DefaultBuildOperationRunner$CallableBuildOperationWorker.execute(DefaultBuildOperationRunner.java:204)
[        ] 	at org.gradle.internal.operations.DefaultBuildOperationRunner$2.execute(DefaultBuildOperationRunner.java:66)
[        ] 	at org.gradle.internal.operations.DefaultBuildOperationRunner$2.execute(DefaultBuildOperationRunner.java:59)
[        ] 	at org.gradle.internal.operations.DefaultBuildOperationRunner.execute(DefaultBuildOperationRunner.java:166)
[        ] 	at org.gradle.internal.operations.DefaultBuildOperationRunner.execute(DefaultBuildOperationRunner.java:59)
[        ] 	at org.gradle.internal.operations.DefaultBuildOperationRunner.call(DefaultBuildOperationRunner.java:53)
[   +1 ms] 	at org.gradle.internal.execution.steps.ExecuteStep.execute(ExecuteStep.java:56)
[        ] 	at org.gradle.internal.execution.steps.ExecuteStep.execute(ExecuteStep.java:44)
[   +1 ms] 	at org.gradle.internal.execution.steps.CancelExecutionStep.execute(CancelExecutionStep.java:42)
[   +1 ms] 	at org.gradle.internal.execution.steps.TimeoutStep.executeWithoutTimeout(TimeoutStep.java:75)
[        ] 	at org.gradle.internal.execution.steps.TimeoutStep.execute(TimeoutStep.java:55)
[        ] 	at org.gradle.internal.execution.steps.PreCreateOutputParentsStep.execute(PreCreateOutputParentsStep.java:50)
[        ] 	at org.gradle.internal.execution.steps.PreCreateOutputParentsStep.execute(PreCreateOutputParentsStep.java:28)
[        ] 	at org.gradle.internal.execution.steps.RemovePreviousOutputsStep.execute(RemovePreviousOutputsStep.java:67)
[        ] 	at org.gradle.internal.execution.steps.RemovePreviousOutputsStep.execute(RemovePreviousOutputsStep.java:37)
[        ] 	at org.gradle.internal.execution.steps.BroadcastChangingOutputsStep.execute(BroadcastChangingOutputsStep.java:61)
[        ] 	at org.gradle.internal.execution.steps.BroadcastChangingOutputsStep.execute(BroadcastChangingOutputsStep.java:26)
[        ] 	at org.gradle.internal.execution.steps.CaptureOutputsAfterExecutionStep.execute(CaptureOutputsAfterExecutionStep.java:69)
[        ] 	at org.gradle.internal.execution.steps.CaptureOutputsAfterExecutionStep.execute(CaptureOutputsAfterExecutionStep.java:46)
[        ] 	at org.gradle.internal.execution.steps.ResolveInputChangesStep.execute(ResolveInputChangesStep.java:40)
[        ] 	at org.gradle.internal.execution.steps.ResolveInputChangesStep.execute(ResolveInputChangesStep.java:29)
[        ] 	at org.gradle.internal.execution.steps.BuildCacheStep.executeWithoutCache(BuildCacheStep.java:189)
[        ] 	at org.gradle.internal.execution.steps.BuildCacheStep.lambda$execute$1(BuildCacheStep.java:75)
[        ] 	at org.gradle.internal.Either$Right.fold(Either.java:175)
[        ] 	at org.gradle.internal.execution.caching.CachingState.fold(CachingState.java:62)
[        ] 	at org.gradle.internal.execution.steps.BuildCacheStep.execute(BuildCacheStep.java:73)
[        ] 	at org.gradle.internal.execution.steps.BuildCacheStep.execute(BuildCacheStep.java:48)
[        ] 	at org.gradle.internal.execution.steps.StoreExecutionStateStep.execute(StoreExecutionStateStep.java:46)
[        ] 	at org.gradle.internal.execution.steps.StoreExecutionStateStep.execute(StoreExecutionStateStep.java:35)
[        ] 	at org.gradle.internal.execution.steps.SkipUpToDateStep.executeBecause(SkipUpToDateStep.java:75)
[        ] 	at org.gradle.internal.execution.steps.SkipUpToDateStep.lambda$execute$2(SkipUpToDateStep.java:53)
[        ] 	at java.base/java.util.Optional.orElseGet(Unknown Source)
[        ] 	at org.gradle.internal.execution.steps.SkipUpToDateStep.execute(SkipUpToDateStep.java:53)
[        ] 	at org.gradle.internal.execution.steps.SkipUpToDateStep.execute(SkipUpToDateStep.java:35)
[        ] 	at org.gradle.internal.execution.steps.legacy.MarkSnapshottingInputsFinishedStep.execute(MarkSnapshottingInputsFinishedStep.java:37)
[        ] 	at org.gradle.internal.execution.steps.legacy.MarkSnapshottingInputsFinishedStep.execute(MarkSnapshottingInputsFinishedStep.java:27)
[        ] 	at org.gradle.internal.execution.steps.ResolveIncrementalCachingStateStep.executeDelegate(ResolveIncrementalCachingStateStep.java:49)
[        ] 	at org.gradle.internal.execution.steps.ResolveIncrementalCachingStateStep.executeDelegate(ResolveIncrementalCachingStateStep.java:27)
[        ] 	at org.gradle.internal.execution.steps.AbstractResolveCachingStateStep.execute(AbstractResolveCachingStateStep.java:71)
[        ] 	at org.gradle.internal.execution.steps.AbstractResolveCachingStateStep.execute(AbstractResolveCachingStateStep.java:39)
[        ] 	at org.gradle.internal.execution.steps.ResolveChangesStep.execute(ResolveChangesStep.java:65)
[        ] 	at org.gradle.internal.execution.steps.ResolveChangesStep.execute(ResolveChangesStep.java:36)
[        ] 	at org.gradle.internal.execution.steps.ValidateStep.execute(ValidateStep.java:107)
[        ] 	at org.gradle.internal.execution.steps.ValidateStep.execute(ValidateStep.java:56)
[        ] 	at org.gradle.internal.execution.steps.AbstractCaptureStateBeforeExecutionStep.execute(AbstractCaptureStateBeforeExecutionStep.java:64)
[        ] 	at org.gradle.internal.execution.steps.AbstractCaptureStateBeforeExecutionStep.execute(AbstractCaptureStateBeforeExecutionStep.java:43)
[        ] 	at org.gradle.internal.execution.steps.AbstractSkipEmptyWorkStep.executeWithNonEmptySources(AbstractSkipEmptyWorkStep.java:125)
[        ] 	at org.gradle.internal.execution.steps.AbstractSkipEmptyWorkStep.execute(AbstractSkipEmptyWorkStep.java:56)
[        ] 	at org.gradle.internal.execution.steps.AbstractSkipEmptyWorkStep.execute(AbstractSkipEmptyWorkStep.java:36)
[        ] 	at org.gradle.internal.execution.steps.legacy.MarkSnapshottingInputsStartedStep.execute(MarkSnapshottingInputsStartedStep.java:38)
[        ] 	at org.gradle.internal.execution.steps.LoadPreviousExecutionStateStep.execute(LoadPreviousExecutionStateStep.java:36)
[        ] 	at org.gradle.internal.execution.steps.LoadPreviousExecutionStateStep.execute(LoadPreviousExecutionStateStep.java:23)
[        ] 	at org.gradle.internal.execution.steps.HandleStaleOutputsStep.execute(HandleStaleOutputsStep.java:75)
[        ] 	at org.gradle.internal.execution.steps.HandleStaleOutputsStep.execute(HandleStaleOutputsStep.java:41)
[        ] 	at org.gradle.internal.execution.steps.AssignMutableWorkspaceStep.lambda$execute$0(AssignMutableWorkspaceStep.java:35)
[        ] 	at org.gradle.api.internal.tasks.execution.TaskExecution$4.withWorkspace(TaskExecution.java:289)
[        ] 	at org.gradle.internal.execution.steps.AssignMutableWorkspaceStep.execute(AssignMutableWorkspaceStep.java:31)
[        ] 	at org.gradle.internal.execution.steps.AssignMutableWorkspaceStep.execute(AssignMutableWorkspaceStep.java:22)
[        ] 	at org.gradle.internal.execution.steps.ChoosePipelineStep.execute(ChoosePipelineStep.java:40)
[        ] 	at org.gradle.internal.execution.steps.ChoosePipelineStep.execute(ChoosePipelineStep.java:23)
[        ] 	at org.gradle.internal.execution.steps.ExecuteWorkBuildOperationFiringStep.lambda$execute$2(ExecuteWorkBuildOperationFiringStep.java:67)
[        ] 	at java.base/java.util.Optional.orElseGet(Unknown Source)
[        ] 	at org.gradle.internal.execution.steps.ExecuteWorkBuildOperationFiringStep.execute(ExecuteWorkBuildOperationFiringStep.java:67)
[        ] 	at org.gradle.internal.execution.steps.ExecuteWorkBuildOperationFiringStep.execute(ExecuteWorkBuildOperationFiringStep.java:39)
[        ] 	at org.gradle.internal.execution.steps.IdentityCacheStep.execute(IdentityCacheStep.java:46)
[        ] 	at org.gradle.internal.execution.steps.IdentityCacheStep.execute(IdentityCacheStep.java:34)
[        ] 	at org.gradle.internal.execution.steps.IdentifyStep.execute(IdentifyStep.java:48)
[        ] 	at org.gradle.internal.execution.steps.IdentifyStep.execute(IdentifyStep.java:35)
[        ] 	at org.gradle.internal.execution.impl.DefaultExecutionEngine$1.execute(DefaultExecutionEngine.java:61)
[        ] 	at org.gradle.api.internal.tasks.execution.ExecuteActionsTaskExecuter.executeIfValid(ExecuteActionsTaskExecuter.java:127)
[        ] 	at org.gradle.api.internal.tasks.execution.ExecuteActionsTaskExecuter.execute(ExecuteActionsTaskExecuter.java:116)
[        ] 	at org.gradle.api.internal.tasks.execution.ProblemsTaskPathTrackingTaskExecuter.execute(ProblemsTaskPathTrackingTaskExecuter.java:40)
[        ] 	at org.gradle.api.internal.tasks.execution.FinalizePropertiesTaskExecuter.execute(FinalizePropertiesTaskExecuter.java:46)
[        ] 	at org.gradle.api.internal.tasks.execution.ResolveTaskExecutionModeExecuter.execute(ResolveTaskExecutionModeExecuter.java:51)
[        ] 	at org.gradle.api.internal.tasks.execution.SkipTaskWithNoActionsExecuter.execute(SkipTaskWithNoActionsExecuter.java:57)
[        ] 	at org.gradle.api.internal.tasks.execution.SkipOnlyIfTaskExecuter.execute(SkipOnlyIfTaskExecuter.java:74)
[        ] 	at org.gradle.api.internal.tasks.execution.CatchExceptionTaskExecuter.execute(CatchExceptionTaskExecuter.java:36)
[        ] 	at org.gradle.api.internal.tasks.execution.EventFiringTaskExecuter$1.executeTask(EventFiringTaskExecuter.java:77)
[        ] 	at org.gradle.api.internal.tasks.execution.EventFiringTaskExecuter$1.call(EventFiringTaskExecuter.java:55)
[        ] 	at org.gradle.api.internal.tasks.execution.EventFiringTaskExecuter$1.call(EventFiringTaskExecuter.java:52)
[        ] 	at org.gradle.internal.operations.DefaultBuildOperationRunner$CallableBuildOperationWorker.execute(DefaultBuildOperationRunner.java:209)
[        ] 	at org.gradle.internal.operations.DefaultBuildOperationRunner$CallableBuildOperationWorker.execute(DefaultBuildOperationRunner.java:204)
[        ] 	at org.gradle.internal.operations.DefaultBuildOperationRunner$2.execute(DefaultBuildOperationRunner.java:66)
[        ] 	at org.gradle.internal.operations.DefaultBuildOperationRunner$2.execute(DefaultBuildOperationRunner.java:59)
[        ] 	at org.gradle.internal.operations.DefaultBuildOperationRunner.execute(DefaultBuildOperationRunner.java:166)
[        ] 	at org.gradle.internal.operations.DefaultBuildOperationRunner.execute(DefaultBuildOperationRunner.java:59)
[        ] 	at org.gradle.internal.operations.DefaultBuildOperationRunner.call(DefaultBuildOperationRunner.java:53)
[        ] 	at org.gradle.api.internal.tasks.execution.EventFiringTaskExecuter.execute(EventFiringTaskExecuter.java:52)
[        ] 	at org.gradle.execution.plan.LocalTaskNodeExecutor.execute(LocalTaskNodeExecutor.java:42)
[        ] 	at org.gradle.execution.taskgraph.DefaultTaskExecutionGraph$InvokeNodeExecutorsAction.execute(DefaultTaskExecutionGraph.java:331)
[        ] 	at org.gradle.execution.taskgraph.DefaultTaskExecutionGraph$InvokeNodeExecutorsAction.execute(DefaultTaskExecutionGraph.java:318)
[        ] 	at org.gradle.execution.taskgraph.DefaultTaskExecutionGraph$BuildOperationAwareExecutionAction.lambda$execute$0(DefaultTaskExecutionGraph.java:314)
[        ] 	at org.gradle.internal.operations.CurrentBuildOperationRef.with(CurrentBuildOperationRef.java:85)
[        ] 	at org.gradle.execution.taskgraph.DefaultTaskExecutionGraph$BuildOperationAwareExecutionAction.execute(DefaultTaskExecutionGraph.java:314)
[        ] 	at org.gradle.execution.taskgraph.DefaultTaskExecutionGraph$BuildOperationAwareExecutionAction.execute(DefaultTaskExecutionGraph.java:303)
[        ] 	at org.gradle.execution.plan.DefaultPlanExecutor$ExecutorWorker.execute(DefaultPlanExecutor.java:459)
[        ] 	at org.gradle.execution.plan.DefaultPlanExecutor$ExecutorWorker.run(DefaultPlanExecutor.java:376)
[        ] 	at org.gradle.internal.concurrent.ExecutorPolicy$CatchAndRecordFailures.onExecute(ExecutorPolicy.java:64)
[        ] 	at org.gradle.internal.concurrent.AbstractManagedExecutor$1.run(AbstractManagedExecutor.java:48)
[        ] 	at java.base/java.util.concurrent.ThreadPoolExecutor.runWorker(Unknown Source)
[        ] 	at java.base/java.util.concurrent.ThreadPoolExecutor$Worker.run(Unknown Source)
[        ] 	at java.base/java.lang.Thread.run(Unknown Source)
[        ] BUILD FAILED in 12s
[        ] Deprecated Gradle features were used in this build, making it incompatible with Gradle 9.0.
[        ] You can use '--warning-mode all' to show the individual deprecation warnings and determine if they come from your own scripts or plugins.
[        ] For more on this, please refer to https://docs.gradle.org/8.12/userguide/command_line_interface.html#sec:command_line_warnings in the Gradle documentation.
[        ] 6 actionable tasks: 2 executed, 4 up-to-date
[        ] Watched directory hierarchies: [C:\flutter\packages\flutter_tools\gradle]
[  +69 ms] Running Gradle task 'assembleDebug'... (completed in 12,5s)
[  +18 ms] Error: Gradle task assembleDebug failed with exit code 1
[   +1 ms] "flutter run" took 14.618ms.
[  +64 ms] 
           #0      throwToolExit (package:flutter_tools/src/base/common.dart:34:3)
           #1      RunCommand.runCommand (package:flutter_tools/src/commands/run.dart:872:9)
           <asynchronous suspension>
           #2      FlutterCommand.run.<anonymous closure> (package:flutter_tools/src/runner/flutter_command.dart:1581:27)
           <asynchronous suspension>
           #3      AppContext.run.<anonymous closure> (package:flutter_tools/src/base/context.dart:154:19)
           <asynchronous suspension>
           #4      CommandRunner.runCommand (package:args/command_runner.dart:212:13)
           <asynchronous suspension>
           #5      FlutterCommandRunner.runCommand.<anonymous closure> (package:flutter_tools/src/runner/flutter_command_runner.dart:503:9)
           <asynchronous suspension>
           #6      AppContext.run.<anonymous closure> (package:flutter_tools/src/base/context.dart:154:19)
           <asynchronous suspension>
           #7      FlutterCommandRunner.runCommand (package:flutter_tools/src/runner/flutter_command_runner.dart:438:5)
           <asynchronous suspension>
           #8      run.<anonymous closure>.<anonymous closure> (package:flutter_tools/runner.dart:98:11)
           <asynchronous suspension>
           #9      AppContext.run.<anonymous closure> (package:flutter_tools/src/base/context.dart:154:19)
           <asynchronous suspension>
           #10     main (package:flutter_tools/executable.dart:101:3)
           <asynchronous suspension>


[        ] Running 3 shutdown hooks
[   +8 ms] Shutdown hooks complete
[  +13 ms] exiting with code 1
